<?xml version="1.0" encoding="UTF-8"?>
<testsuite name="Pagina web Utest" tests="1" skipped="0" failures="0" errors="0" timestamp="2022-03-11T20:10:59" hostname="DESKTOP-PLD8QR8" time="49.86">
  <properties/>
  <testcase name="Escenario: Escenario: Realizar el Registro en la web utest" classname="Pagina web Utest" time="49.86"/>
  <system-out><![CDATA[]]></system-out>
  <system-err><![CDATA[[Test worker] WARN net.thucydides.core.steps.BaseStepListener - stepStarted: net.thucydides.core.steps.ExecutedStepDescription@4ccc3514
[Test worker] WARN net.thucydides.core.steps.BaseStepListener - stepStarted: net.thucydides.core.steps.ExecutedStepDescription@666f482a
[Test worker] WARN net.thucydides.core.steps.BaseStepListener - stepStarted: net.thucydides.core.steps.ExecutedStepDescription@7df1134c
mar 11, 2022 3:11:00 PM org.openqa.selenium.remote.DesiredCapabilities chrome
INFORMACIÓN: Using `new ChromeOptions()` is preferred to `DesiredCapabilities.chrome()`
[Test worker] INFO net.serenitybdd.core.webdriver.driverproviders.ProvideNewDriver - Instantiating driver
[Test worker] INFO net.serenitybdd.core.webdriver.driverproviders.ProvideNewDriver - Driver capabilities: Capabilities {acceptInsecureCerts: false, browserName: chrome, chrome.switches: --start-maximized, goog:chromeOptions: {args: [--start-maximized], extensions: []}, loggingPrefs: org.openqa.selenium.logging..., platform: ANY, version: }
Starting ChromeDriver 99.0.4844.51 (d537ec02474b5afe23684e7963d538896c63ac77-refs/branch-heads/4844@{#875}) on port 35441
Only local connections are allowed.
Please see https://chromedriver.chromium.org/security-considerations for suggestions on keeping ChromeDriver safe.
ChromeDriver was started successfully.
mar 11, 2022 3:11:02 PM org.openqa.selenium.remote.ProtocolHandshake createSession
INFORMACIÓN: Detected dialect: W3C
[Test worker] WARN net.thucydides.core.steps.BaseStepListener - stepFinished: current outcome:Escenario:Example: {nombre=Jhonatan, apellido=Paternina, correo=jhonatanpater122@gmail.com, idioma=Spanish, ciudad=Montería, codigo_postal=230003, pais=Colombia, computador=Linux, version=Fedora, idioma2=Spanish, dispositivo_mobil=Motorola, modelo=Moto G8 Power, sistema_operativo=Android 11, password=123654987Jp, confirm_password=123654987Jp, texto=Welcome to the world's largest community of freelance software testers!} [Dado que Jhonatan quiere registrarse en la pagina utest [Jhonatan abrir nevegador [Jhonatan opens the Abrir pagina utest]]]
[Test worker] WARN net.thucydides.core.steps.BaseStepListener - stepFinished: current outcome:Escenario:Example: {nombre=Jhonatan, apellido=Paternina, correo=jhonatanpater122@gmail.com, idioma=Spanish, ciudad=Montería, codigo_postal=230003, pais=Colombia, computador=Linux, version=Fedora, idioma2=Spanish, dispositivo_mobil=Motorola, modelo=Moto G8 Power, sistema_operativo=Android 11, password=123654987Jp, confirm_password=123654987Jp, texto=Welcome to the world's largest community of freelance software testers!} [Dado que Jhonatan quiere registrarse en la pagina utest [Jhonatan abrir nevegador [Jhonatan opens the Abrir pagina utest]]]
[Test worker] WARN net.thucydides.core.steps.BaseStepListener - stepFinished: current outcome:Escenario:Example: {nombre=Jhonatan, apellido=Paternina, correo=jhonatanpater122@gmail.com, idioma=Spanish, ciudad=Montería, codigo_postal=230003, pais=Colombia, computador=Linux, version=Fedora, idioma2=Spanish, dispositivo_mobil=Motorola, modelo=Moto G8 Power, sistema_operativo=Android 11, password=123654987Jp, confirm_password=123654987Jp, texto=Welcome to the world's largest community of freelance software testers!} [Dado que Jhonatan quiere registrarse en la pagina utest [Jhonatan abrir nevegador [Jhonatan opens the Abrir pagina utest]]]
[Test worker] WARN net.thucydides.core.steps.BaseStepListener - stepStarted: net.thucydides.core.steps.ExecutedStepDescription@6dff52fd
[Test worker] WARN net.thucydides.core.steps.BaseStepListener - stepStarted: net.thucydides.core.steps.ExecutedStepDescription@22cdc871
[Test worker] WARN net.thucydides.core.steps.BaseStepListener - stepStarted: net.thucydides.core.steps.ExecutedStepDescription@53534fc4
[Test worker] WARN net.thucydides.core.steps.BaseStepListener - stepFinished: current outcome:Escenario:Example: {nombre=Jhonatan, apellido=Paternina, correo=jhonatanpater122@gmail.com, idioma=Spanish, ciudad=Montería, codigo_postal=230003, pais=Colombia, computador=Linux, version=Fedora, idioma2=Spanish, dispositivo_mobil=Motorola, modelo=Moto G8 Power, sistema_operativo=Android 11, password=123654987Jp, confirm_password=123654987Jp, texto=Welcome to the world's largest community of freelance software testers!} [Dado que Jhonatan quiere registrarse en la pagina utest [Jhonatan abrir nevegador [Jhonatan opens the Abrir pagina utest]], Cuando el realiza el registro del mismo en la pagina web utest
| nombre | apellido | correo | idioma | ciudad | codigo_postal | pais | computador | version | idioma2 | dispositivo_mobil | modelo | sistema_operativo | password | confirm_password |
| Jhonatan | Paternina | jhonatanpater122@gmail.com | Spanish | Montería | 230003 | Colombia | Linux | Fedora | Spanish | Motorola | Moto G8 Power | Android 11 | 123654987Jp | 123654987Jp | [Jhonatan registro utest [Jhonatan clicks on Boton opcion registrase]]]
[Test worker] WARN net.thucydides.core.steps.BaseStepListener - stepStarted: net.thucydides.core.steps.ExecutedStepDescription@375ae3f1
[Test worker] WARN net.thucydides.core.steps.BaseStepListener - stepFinished: current outcome:Escenario:Example: {nombre=Jhonatan, apellido=Paternina, correo=jhonatanpater122@gmail.com, idioma=Spanish, ciudad=Montería, codigo_postal=230003, pais=Colombia, computador=Linux, version=Fedora, idioma2=Spanish, dispositivo_mobil=Motorola, modelo=Moto G8 Power, sistema_operativo=Android 11, password=123654987Jp, confirm_password=123654987Jp, texto=Welcome to the world's largest community of freelance software testers!} [Dado que Jhonatan quiere registrarse en la pagina utest [Jhonatan abrir nevegador [Jhonatan opens the Abrir pagina utest]], Cuando el realiza el registro del mismo en la pagina web utest
| nombre | apellido | correo | idioma | ciudad | codigo_postal | pais | computador | version | idioma2 | dispositivo_mobil | modelo | sistema_operativo | password | confirm_password |
| Jhonatan | Paternina | jhonatanpater122@gmail.com | Spanish | Montería | 230003 | Colombia | Linux | Fedora | Spanish | Motorola | Moto G8 Power | Android 11 | 123654987Jp | 123654987Jp | [Jhonatan registro utest [Jhonatan clicks on Boton opcion registrase, Jhonatan enters 'Jhonatan' into Ingresar nombre]]]
[Test worker] WARN net.thucydides.core.steps.BaseStepListener - stepStarted: net.thucydides.core.steps.ExecutedStepDescription@dd49b25
[Test worker] WARN net.thucydides.core.steps.BaseStepListener - stepFinished: current outcome:Escenario:Example: {nombre=Jhonatan, apellido=Paternina, correo=jhonatanpater122@gmail.com, idioma=Spanish, ciudad=Montería, codigo_postal=230003, pais=Colombia, computador=Linux, version=Fedora, idioma2=Spanish, dispositivo_mobil=Motorola, modelo=Moto G8 Power, sistema_operativo=Android 11, password=123654987Jp, confirm_password=123654987Jp, texto=Welcome to the world's largest community of freelance software testers!} [Dado que Jhonatan quiere registrarse en la pagina utest [Jhonatan abrir nevegador [Jhonatan opens the Abrir pagina utest]], Cuando el realiza el registro del mismo en la pagina web utest
| nombre | apellido | correo | idioma | ciudad | codigo_postal | pais | computador | version | idioma2 | dispositivo_mobil | modelo | sistema_operativo | password | confirm_password |
| Jhonatan | Paternina | jhonatanpater122@gmail.com | Spanish | Montería | 230003 | Colombia | Linux | Fedora | Spanish | Motorola | Moto G8 Power | Android 11 | 123654987Jp | 123654987Jp | [Jhonatan registro utest [Jhonatan clicks on Boton opcion registrase, Jhonatan enters 'Jhonatan' into Ingresar nombre, Jhonatan enters 'Paternina' into Ingresar apellido]]]
[Test worker] WARN net.thucydides.core.steps.BaseStepListener - stepStarted: net.thucydides.core.steps.ExecutedStepDescription@5b6b1a08
[Test worker] WARN net.thucydides.core.steps.BaseStepListener - stepFinished: current outcome:Escenario:Example: {nombre=Jhonatan, apellido=Paternina, correo=jhonatanpater122@gmail.com, idioma=Spanish, ciudad=Montería, codigo_postal=230003, pais=Colombia, computador=Linux, version=Fedora, idioma2=Spanish, dispositivo_mobil=Motorola, modelo=Moto G8 Power, sistema_operativo=Android 11, password=123654987Jp, confirm_password=123654987Jp, texto=Welcome to the world's largest community of freelance software testers!} [Dado que Jhonatan quiere registrarse en la pagina utest [Jhonatan abrir nevegador [Jhonatan opens the Abrir pagina utest]], Cuando el realiza el registro del mismo en la pagina web utest
| nombre | apellido | correo | idioma | ciudad | codigo_postal | pais | computador | version | idioma2 | dispositivo_mobil | modelo | sistema_operativo | password | confirm_password |
| Jhonatan | Paternina | jhonatanpater122@gmail.com | Spanish | Montería | 230003 | Colombia | Linux | Fedora | Spanish | Motorola | Moto G8 Power | Android 11 | 123654987Jp | 123654987Jp | [Jhonatan registro utest [Jhonatan clicks on Boton opcion registrase, Jhonatan enters 'Jhonatan' into Ingresar nombre, Jhonatan enters 'Paternina' into Ingresar apellido, Jhonatan enters 'jhonatanpater122@gmail.com' into Ingresar correo electronico]]]
[Test worker] WARN net.thucydides.core.steps.BaseStepListener - stepStarted: net.thucydides.core.steps.ExecutedStepDescription@22dea17d
[Test worker] WARN net.thucydides.core.steps.BaseStepListener - stepFinished: current outcome:Escenario:Example: {nombre=Jhonatan, apellido=Paternina, correo=jhonatanpater122@gmail.com, idioma=Spanish, ciudad=Montería, codigo_postal=230003, pais=Colombia, computador=Linux, version=Fedora, idioma2=Spanish, dispositivo_mobil=Motorola, modelo=Moto G8 Power, sistema_operativo=Android 11, password=123654987Jp, confirm_password=123654987Jp, texto=Welcome to the world's largest community of freelance software testers!} [Dado que Jhonatan quiere registrarse en la pagina utest [Jhonatan abrir nevegador [Jhonatan opens the Abrir pagina utest]], Cuando el realiza el registro del mismo en la pagina web utest
| nombre | apellido | correo | idioma | ciudad | codigo_postal | pais | computador | version | idioma2 | dispositivo_mobil | modelo | sistema_operativo | password | confirm_password |
| Jhonatan | Paternina | jhonatanpater122@gmail.com | Spanish | Montería | 230003 | Colombia | Linux | Fedora | Spanish | Motorola | Moto G8 Power | Android 11 | 123654987Jp | 123654987Jp | [Jhonatan registro utest [Jhonatan clicks on Boton opcion registrase, Jhonatan enters 'Jhonatan' into Ingresar nombre, Jhonatan enters 'Paternina' into Ingresar apellido, Jhonatan enters 'jhonatanpater122@gmail.com' into Ingresar correo electronico, Jhonatan clicks on Ingresar mes de la fecha de nacimiento]]]
[Test worker] WARN net.thucydides.core.steps.BaseStepListener - stepStarted: net.thucydides.core.steps.ExecutedStepDescription@2f718fd
[Test worker] WARN net.thucydides.core.steps.BaseStepListener - stepFinished: current outcome:Escenario:Example: {nombre=Jhonatan, apellido=Paternina, correo=jhonatanpater122@gmail.com, idioma=Spanish, ciudad=Montería, codigo_postal=230003, pais=Colombia, computador=Linux, version=Fedora, idioma2=Spanish, dispositivo_mobil=Motorola, modelo=Moto G8 Power, sistema_operativo=Android 11, password=123654987Jp, confirm_password=123654987Jp, texto=Welcome to the world's largest community of freelance software testers!} [Dado que Jhonatan quiere registrarse en la pagina utest [Jhonatan abrir nevegador [Jhonatan opens the Abrir pagina utest]], Cuando el realiza el registro del mismo en la pagina web utest
| nombre | apellido | correo | idioma | ciudad | codigo_postal | pais | computador | version | idioma2 | dispositivo_mobil | modelo | sistema_operativo | password | confirm_password |
| Jhonatan | Paternina | jhonatanpater122@gmail.com | Spanish | Montería | 230003 | Colombia | Linux | Fedora | Spanish | Motorola | Moto G8 Power | Android 11 | 123654987Jp | 123654987Jp | [Jhonatan registro utest [Jhonatan clicks on Boton opcion registrase, Jhonatan enters 'Jhonatan' into Ingresar nombre, Jhonatan enters 'Paternina' into Ingresar apellido, Jhonatan enters 'jhonatanpater122@gmail.com' into Ingresar correo electronico, Jhonatan clicks on Ingresar mes de la fecha de nacimiento, Jhonatan clicks on Ingresar dia de la fecha de nacimiento]]]
[Test worker] WARN net.thucydides.core.steps.BaseStepListener - stepStarted: net.thucydides.core.steps.ExecutedStepDescription@7e2cad01
[Test worker] WARN net.thucydides.core.steps.BaseStepListener - stepFinished: current outcome:Escenario:Example: {nombre=Jhonatan, apellido=Paternina, correo=jhonatanpater122@gmail.com, idioma=Spanish, ciudad=Montería, codigo_postal=230003, pais=Colombia, computador=Linux, version=Fedora, idioma2=Spanish, dispositivo_mobil=Motorola, modelo=Moto G8 Power, sistema_operativo=Android 11, password=123654987Jp, confirm_password=123654987Jp, texto=Welcome to the world's largest community of freelance software testers!} [Dado que Jhonatan quiere registrarse en la pagina utest [Jhonatan abrir nevegador [Jhonatan opens the Abrir pagina utest]], Cuando el realiza el registro del mismo en la pagina web utest
| nombre | apellido | correo | idioma | ciudad | codigo_postal | pais | computador | version | idioma2 | dispositivo_mobil | modelo | sistema_operativo | password | confirm_password |
| Jhonatan | Paternina | jhonatanpater122@gmail.com | Spanish | Montería | 230003 | Colombia | Linux | Fedora | Spanish | Motorola | Moto G8 Power | Android 11 | 123654987Jp | 123654987Jp | [Jhonatan registro utest [Jhonatan clicks on Boton opcion registrase, Jhonatan enters 'Jhonatan' into Ingresar nombre, Jhonatan enters 'Paternina' into Ingresar apellido, Jhonatan enters 'jhonatanpater122@gmail.com' into Ingresar correo electronico, Jhonatan clicks on Ingresar mes de la fecha de nacimiento, Jhonatan clicks on Ingresar dia de la fecha de nacimiento, Jhonatan clicks on Ingresar aÃ±o de la fecha de nacimiento]]]
[Test worker] WARN net.thucydides.core.steps.BaseStepListener - stepStarted: net.thucydides.core.steps.ExecutedStepDescription@7f39ed3f
[Test worker] WARN net.thucydides.core.steps.BaseStepListener - stepFinished: current outcome:Escenario:Example: {nombre=Jhonatan, apellido=Paternina, correo=jhonatanpater122@gmail.com, idioma=Spanish, ciudad=Montería, codigo_postal=230003, pais=Colombia, computador=Linux, version=Fedora, idioma2=Spanish, dispositivo_mobil=Motorola, modelo=Moto G8 Power, sistema_operativo=Android 11, password=123654987Jp, confirm_password=123654987Jp, texto=Welcome to the world's largest community of freelance software testers!} [Dado que Jhonatan quiere registrarse en la pagina utest [Jhonatan abrir nevegador [Jhonatan opens the Abrir pagina utest]], Cuando el realiza el registro del mismo en la pagina web utest
| nombre | apellido | correo | idioma | ciudad | codigo_postal | pais | computador | version | idioma2 | dispositivo_mobil | modelo | sistema_operativo | password | confirm_password |
| Jhonatan | Paternina | jhonatanpater122@gmail.com | Spanish | Montería | 230003 | Colombia | Linux | Fedora | Spanish | Motorola | Moto G8 Power | Android 11 | 123654987Jp | 123654987Jp | [Jhonatan registro utest [Jhonatan clicks on Boton opcion registrase, Jhonatan enters 'Jhonatan' into Ingresar nombre, Jhonatan enters 'Paternina' into Ingresar apellido, Jhonatan enters 'jhonatanpater122@gmail.com' into Ingresar correo electronico, Jhonatan clicks on Ingresar mes de la fecha de nacimiento, Jhonatan clicks on Ingresar dia de la fecha de nacimiento, Jhonatan clicks on Ingresar aÃ±o de la fecha de nacimiento, Jhonatan enters 'Spanish' into Ingresar idiomas que habla]]]
[Test worker] WARN net.thucydides.core.steps.BaseStepListener - stepStarted: net.thucydides.core.steps.ExecutedStepDescription@54acfc1e
[Test worker] WARN net.thucydides.core.steps.BaseStepListener - stepFinished: current outcome:Escenario:Example: {nombre=Jhonatan, apellido=Paternina, correo=jhonatanpater122@gmail.com, idioma=Spanish, ciudad=Montería, codigo_postal=230003, pais=Colombia, computador=Linux, version=Fedora, idioma2=Spanish, dispositivo_mobil=Motorola, modelo=Moto G8 Power, sistema_operativo=Android 11, password=123654987Jp, confirm_password=123654987Jp, texto=Welcome to the world's largest community of freelance software testers!} [Dado que Jhonatan quiere registrarse en la pagina utest [Jhonatan abrir nevegador [Jhonatan opens the Abrir pagina utest]], Cuando el realiza el registro del mismo en la pagina web utest
| nombre | apellido | correo | idioma | ciudad | codigo_postal | pais | computador | version | idioma2 | dispositivo_mobil | modelo | sistema_operativo | password | confirm_password |
| Jhonatan | Paternina | jhonatanpater122@gmail.com | Spanish | Montería | 230003 | Colombia | Linux | Fedora | Spanish | Motorola | Moto G8 Power | Android 11 | 123654987Jp | 123654987Jp | [Jhonatan registro utest [Jhonatan clicks on Boton opcion registrase, Jhonatan enters 'Jhonatan' into Ingresar nombre, Jhonatan enters 'Paternina' into Ingresar apellido, Jhonatan enters 'jhonatanpater122@gmail.com' into Ingresar correo electronico, Jhonatan clicks on Ingresar mes de la fecha de nacimiento, Jhonatan clicks on Ingresar dia de la fecha de nacimiento, Jhonatan clicks on Ingresar aÃ±o de la fecha de nacimiento, Jhonatan enters 'Spanish' into Ingresar idiomas que habla, Jhonatan clicks on Opcion siguiente]]]
[Test worker] WARN net.thucydides.core.steps.BaseStepListener - stepStarted: net.thucydides.core.steps.ExecutedStepDescription@3ca2a236
[Test worker] WARN net.thucydides.core.steps.BaseStepListener - stepFinished: current outcome:Escenario:Example: {nombre=Jhonatan, apellido=Paternina, correo=jhonatanpater122@gmail.com, idioma=Spanish, ciudad=Montería, codigo_postal=230003, pais=Colombia, computador=Linux, version=Fedora, idioma2=Spanish, dispositivo_mobil=Motorola, modelo=Moto G8 Power, sistema_operativo=Android 11, password=123654987Jp, confirm_password=123654987Jp, texto=Welcome to the world's largest community of freelance software testers!} [Dado que Jhonatan quiere registrarse en la pagina utest [Jhonatan abrir nevegador [Jhonatan opens the Abrir pagina utest]], Cuando el realiza el registro del mismo en la pagina web utest
| nombre | apellido | correo | idioma | ciudad | codigo_postal | pais | computador | version | idioma2 | dispositivo_mobil | modelo | sistema_operativo | password | confirm_password |
| Jhonatan | Paternina | jhonatanpater122@gmail.com | Spanish | Montería | 230003 | Colombia | Linux | Fedora | Spanish | Motorola | Moto G8 Power | Android 11 | 123654987Jp | 123654987Jp | [Jhonatan registro utest [Jhonatan clicks on Boton opcion registrase, Jhonatan enters 'Jhonatan' into Ingresar nombre, Jhonatan enters 'Paternina' into Ingresar apellido, Jhonatan enters 'jhonatanpater122@gmail.com' into Ingresar correo electronico, Jhonatan clicks on Ingresar mes de la fecha de nacimiento, Jhonatan clicks on Ingresar dia de la fecha de nacimiento, Jhonatan clicks on Ingresar aÃ±o de la fecha de nacimiento, Jhonatan enters 'Spanish' into Ingresar idiomas que habla, Jhonatan clicks on Opcion siguiente, Jhonatan enters 'Montería' into Ingresar ciudad donde vive]]]
[Test worker] WARN net.thucydides.core.steps.BaseStepListener - stepStarted: net.thucydides.core.steps.ExecutedStepDescription@2d3aece3
[Test worker] WARN net.thucydides.core.steps.BaseStepListener - stepFinished: current outcome:Escenario:Example: {nombre=Jhonatan, apellido=Paternina, correo=jhonatanpater122@gmail.com, idioma=Spanish, ciudad=Montería, codigo_postal=230003, pais=Colombia, computador=Linux, version=Fedora, idioma2=Spanish, dispositivo_mobil=Motorola, modelo=Moto G8 Power, sistema_operativo=Android 11, password=123654987Jp, confirm_password=123654987Jp, texto=Welcome to the world's largest community of freelance software testers!} [Dado que Jhonatan quiere registrarse en la pagina utest [Jhonatan abrir nevegador [Jhonatan opens the Abrir pagina utest]], Cuando el realiza el registro del mismo en la pagina web utest
| nombre | apellido | correo | idioma | ciudad | codigo_postal | pais | computador | version | idioma2 | dispositivo_mobil | modelo | sistema_operativo | password | confirm_password |
| Jhonatan | Paternina | jhonatanpater122@gmail.com | Spanish | Montería | 230003 | Colombia | Linux | Fedora | Spanish | Motorola | Moto G8 Power | Android 11 | 123654987Jp | 123654987Jp | [Jhonatan registro utest [Jhonatan clicks on Boton opcion registrase, Jhonatan enters 'Jhonatan' into Ingresar nombre, Jhonatan enters 'Paternina' into Ingresar apellido, Jhonatan enters 'jhonatanpater122@gmail.com' into Ingresar correo electronico, Jhonatan clicks on Ingresar mes de la fecha de nacimiento, Jhonatan clicks on Ingresar dia de la fecha de nacimiento, Jhonatan clicks on Ingresar aÃ±o de la fecha de nacimiento, Jhonatan enters 'Spanish' into Ingresar idiomas que habla, Jhonatan clicks on Opcion siguiente, Jhonatan enters 'Montería' into Ingresar ciudad donde vive, Jhonatan enters '230003' into Ingresar codigo postal]]]
[Test worker] WARN net.thucydides.core.steps.BaseStepListener - stepStarted: net.thucydides.core.steps.ExecutedStepDescription@272948e3
[Test worker] WARN net.thucydides.core.steps.BaseStepListener - stepFinished: current outcome:Escenario:Example: {nombre=Jhonatan, apellido=Paternina, correo=jhonatanpater122@gmail.com, idioma=Spanish, ciudad=Montería, codigo_postal=230003, pais=Colombia, computador=Linux, version=Fedora, idioma2=Spanish, dispositivo_mobil=Motorola, modelo=Moto G8 Power, sistema_operativo=Android 11, password=123654987Jp, confirm_password=123654987Jp, texto=Welcome to the world's largest community of freelance software testers!} [Dado que Jhonatan quiere registrarse en la pagina utest [Jhonatan abrir nevegador [Jhonatan opens the Abrir pagina utest]], Cuando el realiza el registro del mismo en la pagina web utest
| nombre | apellido | correo | idioma | ciudad | codigo_postal | pais | computador | version | idioma2 | dispositivo_mobil | modelo | sistema_operativo | password | confirm_password |
| Jhonatan | Paternina | jhonatanpater122@gmail.com | Spanish | Montería | 230003 | Colombia | Linux | Fedora | Spanish | Motorola | Moto G8 Power | Android 11 | 123654987Jp | 123654987Jp | [Jhonatan registro utest [Jhonatan clicks on Boton opcion registrase, Jhonatan enters 'Jhonatan' into Ingresar nombre, Jhonatan enters 'Paternina' into Ingresar apellido, Jhonatan enters 'jhonatanpater122@gmail.com' into Ingresar correo electronico, Jhonatan clicks on Ingresar mes de la fecha de nacimiento, Jhonatan clicks on Ingresar dia de la fecha de nacimiento, Jhonatan clicks on Ingresar aÃ±o de la fecha de nacimiento, Jhonatan enters 'Spanish' into Ingresar idiomas que habla, Jhonatan clicks on Opcion siguiente, Jhonatan enters 'Montería' into Ingresar ciudad donde vive, Jhonatan enters '230003' into Ingresar codigo postal, Jhonatan clicks on Ingresar pais donde vive]]]
[Test worker] WARN net.thucydides.core.steps.BaseStepListener - stepStarted: net.thucydides.core.steps.ExecutedStepDescription@56ad49c5
[Test worker] WARN net.thucydides.core.steps.BaseStepListener - stepFinished: current outcome:Escenario:Example: {nombre=Jhonatan, apellido=Paternina, correo=jhonatanpater122@gmail.com, idioma=Spanish, ciudad=Montería, codigo_postal=230003, pais=Colombia, computador=Linux, version=Fedora, idioma2=Spanish, dispositivo_mobil=Motorola, modelo=Moto G8 Power, sistema_operativo=Android 11, password=123654987Jp, confirm_password=123654987Jp, texto=Welcome to the world's largest community of freelance software testers!} [Dado que Jhonatan quiere registrarse en la pagina utest [Jhonatan abrir nevegador [Jhonatan opens the Abrir pagina utest]], Cuando el realiza el registro del mismo en la pagina web utest
| nombre | apellido | correo | idioma | ciudad | codigo_postal | pais | computador | version | idioma2 | dispositivo_mobil | modelo | sistema_operativo | password | confirm_password |
| Jhonatan | Paternina | jhonatanpater122@gmail.com | Spanish | Montería | 230003 | Colombia | Linux | Fedora | Spanish | Motorola | Moto G8 Power | Android 11 | 123654987Jp | 123654987Jp | [Jhonatan registro utest [Jhonatan clicks on Boton opcion registrase, Jhonatan enters 'Jhonatan' into Ingresar nombre, Jhonatan enters 'Paternina' into Ingresar apellido, Jhonatan enters 'jhonatanpater122@gmail.com' into Ingresar correo electronico, Jhonatan clicks on Ingresar mes de la fecha de nacimiento, Jhonatan clicks on Ingresar dia de la fecha de nacimiento, Jhonatan clicks on Ingresar aÃ±o de la fecha de nacimiento, Jhonatan enters 'Spanish' into Ingresar idiomas que habla, Jhonatan clicks on Opcion siguiente, Jhonatan enters 'Montería' into Ingresar ciudad donde vive, Jhonatan enters '230003' into Ingresar codigo postal, Jhonatan clicks on Ingresar pais donde vive, Jhonatan enters 'Colombia' into Ingresar pais donde vive]]]
[Test worker] WARN net.thucydides.core.steps.BaseStepListener - stepStarted: net.thucydides.core.steps.ExecutedStepDescription@6c45be9e
[Test worker] WARN net.thucydides.core.steps.BaseStepListener - stepFinished: current outcome:Escenario:Example: {nombre=Jhonatan, apellido=Paternina, correo=jhonatanpater122@gmail.com, idioma=Spanish, ciudad=Montería, codigo_postal=230003, pais=Colombia, computador=Linux, version=Fedora, idioma2=Spanish, dispositivo_mobil=Motorola, modelo=Moto G8 Power, sistema_operativo=Android 11, password=123654987Jp, confirm_password=123654987Jp, texto=Welcome to the world's largest community of freelance software testers!} [Dado que Jhonatan quiere registrarse en la pagina utest [Jhonatan abrir nevegador [Jhonatan opens the Abrir pagina utest]], Cuando el realiza el registro del mismo en la pagina web utest
| nombre | apellido | correo | idioma | ciudad | codigo_postal | pais | computador | version | idioma2 | dispositivo_mobil | modelo | sistema_operativo | password | confirm_password |
| Jhonatan | Paternina | jhonatanpater122@gmail.com | Spanish | Montería | 230003 | Colombia | Linux | Fedora | Spanish | Motorola | Moto G8 Power | Android 11 | 123654987Jp | 123654987Jp | [Jhonatan registro utest [Jhonatan clicks on Boton opcion registrase, Jhonatan enters 'Jhonatan' into Ingresar nombre, Jhonatan enters 'Paternina' into Ingresar apellido, Jhonatan enters 'jhonatanpater122@gmail.com' into Ingresar correo electronico, Jhonatan clicks on Ingresar mes de la fecha de nacimiento, Jhonatan clicks on Ingresar dia de la fecha de nacimiento, Jhonatan clicks on Ingresar aÃ±o de la fecha de nacimiento, Jhonatan enters 'Spanish' into Ingresar idiomas que habla, Jhonatan clicks on Opcion siguiente, Jhonatan enters 'Montería' into Ingresar ciudad donde vive, Jhonatan enters '230003' into Ingresar codigo postal, Jhonatan clicks on Ingresar pais donde vive, Jhonatan enters 'Colombia' into Ingresar pais donde vive, Jhonatan clicks on Opcion siguiente]]]
[Test worker] WARN net.thucydides.core.steps.BaseStepListener - stepStarted: net.thucydides.core.steps.ExecutedStepDescription@8c225da
[Test worker] WARN net.thucydides.core.steps.BaseStepListener - stepFinished: current outcome:Escenario:Example: {nombre=Jhonatan, apellido=Paternina, correo=jhonatanpater122@gmail.com, idioma=Spanish, ciudad=Montería, codigo_postal=230003, pais=Colombia, computador=Linux, version=Fedora, idioma2=Spanish, dispositivo_mobil=Motorola, modelo=Moto G8 Power, sistema_operativo=Android 11, password=123654987Jp, confirm_password=123654987Jp, texto=Welcome to the world's largest community of freelance software testers!} [Dado que Jhonatan quiere registrarse en la pagina utest [Jhonatan abrir nevegador [Jhonatan opens the Abrir pagina utest]], Cuando el realiza el registro del mismo en la pagina web utest
| nombre | apellido | correo | idioma | ciudad | codigo_postal | pais | computador | version | idioma2 | dispositivo_mobil | modelo | sistema_operativo | password | confirm_password |
| Jhonatan | Paternina | jhonatanpater122@gmail.com | Spanish | Montería | 230003 | Colombia | Linux | Fedora | Spanish | Motorola | Moto G8 Power | Android 11 | 123654987Jp | 123654987Jp | [Jhonatan registro utest [Jhonatan clicks on Boton opcion registrase, Jhonatan enters 'Jhonatan' into Ingresar nombre, Jhonatan enters 'Paternina' into Ingresar apellido, Jhonatan enters 'jhonatanpater122@gmail.com' into Ingresar correo electronico, Jhonatan clicks on Ingresar mes de la fecha de nacimiento, Jhonatan clicks on Ingresar dia de la fecha de nacimiento, Jhonatan clicks on Ingresar aÃ±o de la fecha de nacimiento, Jhonatan enters 'Spanish' into Ingresar idiomas que habla, Jhonatan clicks on Opcion siguiente, Jhonatan enters 'Montería' into Ingresar ciudad donde vive, Jhonatan enters '230003' into Ingresar codigo postal, Jhonatan clicks on Ingresar pais donde vive, Jhonatan enters 'Colombia' into Ingresar pais donde vive, Jhonatan clicks on Opcion siguiente, Jhonatan clicks on Ingresar el sistema operativo del computador]]]
[Test worker] WARN net.thucydides.core.steps.BaseStepListener - stepStarted: net.thucydides.core.steps.ExecutedStepDescription@5cd27be
[Test worker] WARN net.thucydides.core.steps.BaseStepListener - stepFinished: current outcome:Escenario:Example: {nombre=Jhonatan, apellido=Paternina, correo=jhonatanpater122@gmail.com, idioma=Spanish, ciudad=Montería, codigo_postal=230003, pais=Colombia, computador=Linux, version=Fedora, idioma2=Spanish, dispositivo_mobil=Motorola, modelo=Moto G8 Power, sistema_operativo=Android 11, password=123654987Jp, confirm_password=123654987Jp, texto=Welcome to the world's largest community of freelance software testers!} [Dado que Jhonatan quiere registrarse en la pagina utest [Jhonatan abrir nevegador [Jhonatan opens the Abrir pagina utest]], Cuando el realiza el registro del mismo en la pagina web utest
| nombre | apellido | correo | idioma | ciudad | codigo_postal | pais | computador | version | idioma2 | dispositivo_mobil | modelo | sistema_operativo | password | confirm_password |
| Jhonatan | Paternina | jhonatanpater122@gmail.com | Spanish | Montería | 230003 | Colombia | Linux | Fedora | Spanish | Motorola | Moto G8 Power | Android 11 | 123654987Jp | 123654987Jp | [Jhonatan registro utest [Jhonatan clicks on Boton opcion registrase, Jhonatan enters 'Jhonatan' into Ingresar nombre, Jhonatan enters 'Paternina' into Ingresar apellido, Jhonatan enters 'jhonatanpater122@gmail.com' into Ingresar correo electronico, Jhonatan clicks on Ingresar mes de la fecha de nacimiento, Jhonatan clicks on Ingresar dia de la fecha de nacimiento, Jhonatan clicks on Ingresar aÃ±o de la fecha de nacimiento, Jhonatan enters 'Spanish' into Ingresar idiomas que habla, Jhonatan clicks on Opcion siguiente, Jhonatan enters 'Montería' into Ingresar ciudad donde vive, Jhonatan enters '230003' into Ingresar codigo postal, Jhonatan clicks on Ingresar pais donde vive, Jhonatan enters 'Colombia' into Ingresar pais donde vive, Jhonatan clicks on Opcion siguiente, Jhonatan clicks on Ingresar el sistema operativo del computador, Jhonatan clicks on Ingresar el sistema operativo del computador]]]
[Test worker] WARN net.thucydides.core.steps.BaseStepListener - stepStarted: net.thucydides.core.steps.ExecutedStepDescription@403d4a2b
[Test worker] WARN net.thucydides.core.steps.BaseStepListener - stepFinished: current outcome:Escenario:Example: {nombre=Jhonatan, apellido=Paternina, correo=jhonatanpater122@gmail.com, idioma=Spanish, ciudad=Montería, codigo_postal=230003, pais=Colombia, computador=Linux, version=Fedora, idioma2=Spanish, dispositivo_mobil=Motorola, modelo=Moto G8 Power, sistema_operativo=Android 11, password=123654987Jp, confirm_password=123654987Jp, texto=Welcome to the world's largest community of freelance software testers!} [Dado que Jhonatan quiere registrarse en la pagina utest [Jhonatan abrir nevegador [Jhonatan opens the Abrir pagina utest]], Cuando el realiza el registro del mismo en la pagina web utest
| nombre | apellido | correo | idioma | ciudad | codigo_postal | pais | computador | version | idioma2 | dispositivo_mobil | modelo | sistema_operativo | password | confirm_password |
| Jhonatan | Paternina | jhonatanpater122@gmail.com | Spanish | Montería | 230003 | Colombia | Linux | Fedora | Spanish | Motorola | Moto G8 Power | Android 11 | 123654987Jp | 123654987Jp | [Jhonatan registro utest [Jhonatan clicks on Boton opcion registrase, Jhonatan enters 'Jhonatan' into Ingresar nombre, Jhonatan enters 'Paternina' into Ingresar apellido, Jhonatan enters 'jhonatanpater122@gmail.com' into Ingresar correo electronico, Jhonatan clicks on Ingresar mes de la fecha de nacimiento, Jhonatan clicks on Ingresar dia de la fecha de nacimiento, Jhonatan clicks on Ingresar aÃ±o de la fecha de nacimiento, Jhonatan enters 'Spanish' into Ingresar idiomas que habla, Jhonatan clicks on Opcion siguiente, Jhonatan enters 'Montería' into Ingresar ciudad donde vive, Jhonatan enters '230003' into Ingresar codigo postal, Jhonatan clicks on Ingresar pais donde vive, Jhonatan enters 'Colombia' into Ingresar pais donde vive, Jhonatan clicks on Opcion siguiente, Jhonatan clicks on Ingresar el sistema operativo del computador, Jhonatan clicks on Ingresar el sistema operativo del computador, Jhonatan clicks on Ingresar la version del sistema operativo del computador]]]
[Test worker] WARN net.thucydides.core.steps.BaseStepListener - stepStarted: net.thucydides.core.steps.ExecutedStepDescription@7d2fac9c
[Test worker] WARN net.thucydides.core.steps.BaseStepListener - stepFinished: current outcome:Escenario:Example: {nombre=Jhonatan, apellido=Paternina, correo=jhonatanpater122@gmail.com, idioma=Spanish, ciudad=Montería, codigo_postal=230003, pais=Colombia, computador=Linux, version=Fedora, idioma2=Spanish, dispositivo_mobil=Motorola, modelo=Moto G8 Power, sistema_operativo=Android 11, password=123654987Jp, confirm_password=123654987Jp, texto=Welcome to the world's largest community of freelance software testers!} [Dado que Jhonatan quiere registrarse en la pagina utest [Jhonatan abrir nevegador [Jhonatan opens the Abrir pagina utest]], Cuando el realiza el registro del mismo en la pagina web utest
| nombre | apellido | correo | idioma | ciudad | codigo_postal | pais | computador | version | idioma2 | dispositivo_mobil | modelo | sistema_operativo | password | confirm_password |
| Jhonatan | Paternina | jhonatanpater122@gmail.com | Spanish | Montería | 230003 | Colombia | Linux | Fedora | Spanish | Motorola | Moto G8 Power | Android 11 | 123654987Jp | 123654987Jp | [Jhonatan registro utest [Jhonatan clicks on Boton opcion registrase, Jhonatan enters 'Jhonatan' into Ingresar nombre, Jhonatan enters 'Paternina' into Ingresar apellido, Jhonatan enters 'jhonatanpater122@gmail.com' into Ingresar correo electronico, Jhonatan clicks on Ingresar mes de la fecha de nacimiento, Jhonatan clicks on Ingresar dia de la fecha de nacimiento, Jhonatan clicks on Ingresar aÃ±o de la fecha de nacimiento, Jhonatan enters 'Spanish' into Ingresar idiomas que habla, Jhonatan clicks on Opcion siguiente, Jhonatan enters 'Montería' into Ingresar ciudad donde vive, Jhonatan enters '230003' into Ingresar codigo postal, Jhonatan clicks on Ingresar pais donde vive, Jhonatan enters 'Colombia' into Ingresar pais donde vive, Jhonatan clicks on Opcion siguiente, Jhonatan clicks on Ingresar el sistema operativo del computador, Jhonatan clicks on Ingresar el sistema operativo del computador, Jhonatan clicks on Ingresar la version del sistema operativo del computador, Jhonatan clicks on Ingresar la version del sistema operativo del computador]]]
[Test worker] WARN net.thucydides.core.steps.BaseStepListener - stepStarted: net.thucydides.core.steps.ExecutedStepDescription@6a306e5f
[Test worker] WARN net.thucydides.core.steps.BaseStepListener - stepFinished: current outcome:Escenario:Example: {nombre=Jhonatan, apellido=Paternina, correo=jhonatanpater122@gmail.com, idioma=Spanish, ciudad=Montería, codigo_postal=230003, pais=Colombia, computador=Linux, version=Fedora, idioma2=Spanish, dispositivo_mobil=Motorola, modelo=Moto G8 Power, sistema_operativo=Android 11, password=123654987Jp, confirm_password=123654987Jp, texto=Welcome to the world's largest community of freelance software testers!} [Dado que Jhonatan quiere registrarse en la pagina utest [Jhonatan abrir nevegador [Jhonatan opens the Abrir pagina utest]], Cuando el realiza el registro del mismo en la pagina web utest
| nombre | apellido | correo | idioma | ciudad | codigo_postal | pais | computador | version | idioma2 | dispositivo_mobil | modelo | sistema_operativo | password | confirm_password |
| Jhonatan | Paternina | jhonatanpater122@gmail.com | Spanish | Montería | 230003 | Colombia | Linux | Fedora | Spanish | Motorola | Moto G8 Power | Android 11 | 123654987Jp | 123654987Jp | [Jhonatan registro utest [Jhonatan clicks on Boton opcion registrase, Jhonatan enters 'Jhonatan' into Ingresar nombre, Jhonatan enters 'Paternina' into Ingresar apellido, Jhonatan enters 'jhonatanpater122@gmail.com' into Ingresar correo electronico, Jhonatan clicks on Ingresar mes de la fecha de nacimiento, Jhonatan clicks on Ingresar dia de la fecha de nacimiento, Jhonatan clicks on Ingresar aÃ±o de la fecha de nacimiento, Jhonatan enters 'Spanish' into Ingresar idiomas que habla, Jhonatan clicks on Opcion siguiente, Jhonatan enters 'Montería' into Ingresar ciudad donde vive, Jhonatan enters '230003' into Ingresar codigo postal, Jhonatan clicks on Ingresar pais donde vive, Jhonatan enters 'Colombia' into Ingresar pais donde vive, Jhonatan clicks on Opcion siguiente, Jhonatan clicks on Ingresar el sistema operativo del computador, Jhonatan clicks on Ingresar el sistema operativo del computador, Jhonatan clicks on Ingresar la version del sistema operativo del computador, Jhonatan clicks on Ingresar la version del sistema operativo del computador, Jhonatan clicks on Ingresar el idioma del sistema operativo]]]
[Test worker] WARN net.thucydides.core.steps.BaseStepListener - stepStarted: net.thucydides.core.steps.ExecutedStepDescription@7e25f7a3
[Test worker] WARN net.thucydides.core.steps.BaseStepListener - stepFinished: current outcome:Escenario:Example: {nombre=Jhonatan, apellido=Paternina, correo=jhonatanpater122@gmail.com, idioma=Spanish, ciudad=Montería, codigo_postal=230003, pais=Colombia, computador=Linux, version=Fedora, idioma2=Spanish, dispositivo_mobil=Motorola, modelo=Moto G8 Power, sistema_operativo=Android 11, password=123654987Jp, confirm_password=123654987Jp, texto=Welcome to the world's largest community of freelance software testers!} [Dado que Jhonatan quiere registrarse en la pagina utest [Jhonatan abrir nevegador [Jhonatan opens the Abrir pagina utest]], Cuando el realiza el registro del mismo en la pagina web utest
| nombre | apellido | correo | idioma | ciudad | codigo_postal | pais | computador | version | idioma2 | dispositivo_mobil | modelo | sistema_operativo | password | confirm_password |
| Jhonatan | Paternina | jhonatanpater122@gmail.com | Spanish | Montería | 230003 | Colombia | Linux | Fedora | Spanish | Motorola | Moto G8 Power | Android 11 | 123654987Jp | 123654987Jp | [Jhonatan registro utest [Jhonatan clicks on Boton opcion registrase, Jhonatan enters 'Jhonatan' into Ingresar nombre, Jhonatan enters 'Paternina' into Ingresar apellido, Jhonatan enters 'jhonatanpater122@gmail.com' into Ingresar correo electronico, Jhonatan clicks on Ingresar mes de la fecha de nacimiento, Jhonatan clicks on Ingresar dia de la fecha de nacimiento, Jhonatan clicks on Ingresar aÃ±o de la fecha de nacimiento, Jhonatan enters 'Spanish' into Ingresar idiomas que habla, Jhonatan clicks on Opcion siguiente, Jhonatan enters 'Montería' into Ingresar ciudad donde vive, Jhonatan enters '230003' into Ingresar codigo postal, Jhonatan clicks on Ingresar pais donde vive, Jhonatan enters 'Colombia' into Ingresar pais donde vive, Jhonatan clicks on Opcion siguiente, Jhonatan clicks on Ingresar el sistema operativo del computador, Jhonatan clicks on Ingresar el sistema operativo del computador, Jhonatan clicks on Ingresar la version del sistema operativo del computador, Jhonatan clicks on Ingresar la version del sistema operativo del computador, Jhonatan clicks on Ingresar el idioma del sistema operativo, Jhonatan clicks on Ingresar el idioma del sistema operativo]]]
[Test worker] WARN net.thucydides.core.steps.BaseStepListener - stepStarted: net.thucydides.core.steps.ExecutedStepDescription@12ec1b4f
[Test worker] WARN net.thucydides.core.steps.BaseStepListener - stepFinished: current outcome:Escenario:Example: {nombre=Jhonatan, apellido=Paternina, correo=jhonatanpater122@gmail.com, idioma=Spanish, ciudad=Montería, codigo_postal=230003, pais=Colombia, computador=Linux, version=Fedora, idioma2=Spanish, dispositivo_mobil=Motorola, modelo=Moto G8 Power, sistema_operativo=Android 11, password=123654987Jp, confirm_password=123654987Jp, texto=Welcome to the world's largest community of freelance software testers!} [Dado que Jhonatan quiere registrarse en la pagina utest [Jhonatan abrir nevegador [Jhonatan opens the Abrir pagina utest]], Cuando el realiza el registro del mismo en la pagina web utest
| nombre | apellido | correo | idioma | ciudad | codigo_postal | pais | computador | version | idioma2 | dispositivo_mobil | modelo | sistema_operativo | password | confirm_password |
| Jhonatan | Paternina | jhonatanpater122@gmail.com | Spanish | Montería | 230003 | Colombia | Linux | Fedora | Spanish | Motorola | Moto G8 Power | Android 11 | 123654987Jp | 123654987Jp | [Jhonatan registro utest [Jhonatan clicks on Boton opcion registrase, Jhonatan enters 'Jhonatan' into Ingresar nombre, Jhonatan enters 'Paternina' into Ingresar apellido, Jhonatan enters 'jhonatanpater122@gmail.com' into Ingresar correo electronico, Jhonatan clicks on Ingresar mes de la fecha de nacimiento, Jhonatan clicks on Ingresar dia de la fecha de nacimiento, Jhonatan clicks on Ingresar aÃ±o de la fecha de nacimiento, Jhonatan enters 'Spanish' into Ingresar idiomas que habla, Jhonatan clicks on Opcion siguiente, Jhonatan enters 'Montería' into Ingresar ciudad donde vive, Jhonatan enters '230003' into Ingresar codigo postal, Jhonatan clicks on Ingresar pais donde vive, Jhonatan enters 'Colombia' into Ingresar pais donde vive, Jhonatan clicks on Opcion siguiente, Jhonatan clicks on Ingresar el sistema operativo del computador, Jhonatan clicks on Ingresar el sistema operativo del computador, Jhonatan clicks on Ingresar la version del sistema operativo del computador, Jhonatan clicks on Ingresar la version del sistema operativo del computador, Jhonatan clicks on Ingresar el idioma del sistema operativo, Jhonatan clicks on Ingresar el idioma del sistema operativo, Jhonatan clicks on Seleccionar el tipo de dispositivo movil]]]
[Test worker] WARN net.thucydides.core.steps.BaseStepListener - stepStarted: net.thucydides.core.steps.ExecutedStepDescription@157e44a
[Test worker] WARN net.thucydides.core.steps.BaseStepListener - stepFinished: current outcome:Escenario:Example: {nombre=Jhonatan, apellido=Paternina, correo=jhonatanpater122@gmail.com, idioma=Spanish, ciudad=Montería, codigo_postal=230003, pais=Colombia, computador=Linux, version=Fedora, idioma2=Spanish, dispositivo_mobil=Motorola, modelo=Moto G8 Power, sistema_operativo=Android 11, password=123654987Jp, confirm_password=123654987Jp, texto=Welcome to the world's largest community of freelance software testers!} [Dado que Jhonatan quiere registrarse en la pagina utest [Jhonatan abrir nevegador [Jhonatan opens the Abrir pagina utest]], Cuando el realiza el registro del mismo en la pagina web utest
| nombre | apellido | correo | idioma | ciudad | codigo_postal | pais | computador | version | idioma2 | dispositivo_mobil | modelo | sistema_operativo | password | confirm_password |
| Jhonatan | Paternina | jhonatanpater122@gmail.com | Spanish | Montería | 230003 | Colombia | Linux | Fedora | Spanish | Motorola | Moto G8 Power | Android 11 | 123654987Jp | 123654987Jp | [Jhonatan registro utest [Jhonatan clicks on Boton opcion registrase, Jhonatan enters 'Jhonatan' into Ingresar nombre, Jhonatan enters 'Paternina' into Ingresar apellido, Jhonatan enters 'jhonatanpater122@gmail.com' into Ingresar correo electronico, Jhonatan clicks on Ingresar mes de la fecha de nacimiento, Jhonatan clicks on Ingresar dia de la fecha de nacimiento, Jhonatan clicks on Ingresar aÃ±o de la fecha de nacimiento, Jhonatan enters 'Spanish' into Ingresar idiomas que habla, Jhonatan clicks on Opcion siguiente, Jhonatan enters 'Montería' into Ingresar ciudad donde vive, Jhonatan enters '230003' into Ingresar codigo postal, Jhonatan clicks on Ingresar pais donde vive, Jhonatan enters 'Colombia' into Ingresar pais donde vive, Jhonatan clicks on Opcion siguiente, Jhonatan clicks on Ingresar el sistema operativo del computador, Jhonatan clicks on Ingresar el sistema operativo del computador, Jhonatan clicks on Ingresar la version del sistema operativo del computador, Jhonatan clicks on Ingresar la version del sistema operativo del computador, Jhonatan clicks on Ingresar el idioma del sistema operativo, Jhonatan clicks on Ingresar el idioma del sistema operativo, Jhonatan clicks on Seleccionar el tipo de dispositivo movil, Jhonatan clicks on Seleccionar el tipo de dispositivo movil]]]
[Test worker] WARN net.thucydides.core.steps.BaseStepListener - stepStarted: net.thucydides.core.steps.ExecutedStepDescription@59cebfd
[Test worker] WARN net.thucydides.core.steps.BaseStepListener - stepFinished: current outcome:Escenario:Example: {nombre=Jhonatan, apellido=Paternina, correo=jhonatanpater122@gmail.com, idioma=Spanish, ciudad=Montería, codigo_postal=230003, pais=Colombia, computador=Linux, version=Fedora, idioma2=Spanish, dispositivo_mobil=Motorola, modelo=Moto G8 Power, sistema_operativo=Android 11, password=123654987Jp, confirm_password=123654987Jp, texto=Welcome to the world's largest community of freelance software testers!} [Dado que Jhonatan quiere registrarse en la pagina utest [Jhonatan abrir nevegador [Jhonatan opens the Abrir pagina utest]], Cuando el realiza el registro del mismo en la pagina web utest
| nombre | apellido | correo | idioma | ciudad | codigo_postal | pais | computador | version | idioma2 | dispositivo_mobil | modelo | sistema_operativo | password | confirm_password |
| Jhonatan | Paternina | jhonatanpater122@gmail.com | Spanish | Montería | 230003 | Colombia | Linux | Fedora | Spanish | Motorola | Moto G8 Power | Android 11 | 123654987Jp | 123654987Jp | [Jhonatan registro utest [Jhonatan clicks on Boton opcion registrase, Jhonatan enters 'Jhonatan' into Ingresar nombre, Jhonatan enters 'Paternina' into Ingresar apellido, Jhonatan enters 'jhonatanpater122@gmail.com' into Ingresar correo electronico, Jhonatan clicks on Ingresar mes de la fecha de nacimiento, Jhonatan clicks on Ingresar dia de la fecha de nacimiento, Jhonatan clicks on Ingresar aÃ±o de la fecha de nacimiento, Jhonatan enters 'Spanish' into Ingresar idiomas que habla, Jhonatan clicks on Opcion siguiente, Jhonatan enters 'Montería' into Ingresar ciudad donde vive, Jhonatan enters '230003' into Ingresar codigo postal, Jhonatan clicks on Ingresar pais donde vive, Jhonatan enters 'Colombia' into Ingresar pais donde vive, Jhonatan clicks on Opcion siguiente, Jhonatan clicks on Ingresar el sistema operativo del computador, Jhonatan clicks on Ingresar el sistema operativo del computador, Jhonatan clicks on Ingresar la version del sistema operativo del computador, Jhonatan clicks on Ingresar la version del sistema operativo del computador, Jhonatan clicks on Ingresar el idioma del sistema operativo, Jhonatan clicks on Ingresar el idioma del sistema operativo, Jhonatan clicks on Seleccionar el tipo de dispositivo movil, Jhonatan clicks on Seleccionar el tipo de dispositivo movil, Jhonatan clicks on Seleccionar el modelo del movil]]]
[Test worker] WARN net.thucydides.core.steps.BaseStepListener - stepStarted: net.thucydides.core.steps.ExecutedStepDescription@7b2ad2cc
[Test worker] WARN net.thucydides.core.steps.BaseStepListener - stepFinished: current outcome:Escenario:Example: {nombre=Jhonatan, apellido=Paternina, correo=jhonatanpater122@gmail.com, idioma=Spanish, ciudad=Montería, codigo_postal=230003, pais=Colombia, computador=Linux, version=Fedora, idioma2=Spanish, dispositivo_mobil=Motorola, modelo=Moto G8 Power, sistema_operativo=Android 11, password=123654987Jp, confirm_password=123654987Jp, texto=Welcome to the world's largest community of freelance software testers!} [Dado que Jhonatan quiere registrarse en la pagina utest [Jhonatan abrir nevegador [Jhonatan opens the Abrir pagina utest]], Cuando el realiza el registro del mismo en la pagina web utest
| nombre | apellido | correo | idioma | ciudad | codigo_postal | pais | computador | version | idioma2 | dispositivo_mobil | modelo | sistema_operativo | password | confirm_password |
| Jhonatan | Paternina | jhonatanpater122@gmail.com | Spanish | Montería | 230003 | Colombia | Linux | Fedora | Spanish | Motorola | Moto G8 Power | Android 11 | 123654987Jp | 123654987Jp | [Jhonatan registro utest [Jhonatan clicks on Boton opcion registrase, Jhonatan enters 'Jhonatan' into Ingresar nombre, Jhonatan enters 'Paternina' into Ingresar apellido, Jhonatan enters 'jhonatanpater122@gmail.com' into Ingresar correo electronico, Jhonatan clicks on Ingresar mes de la fecha de nacimiento, Jhonatan clicks on Ingresar dia de la fecha de nacimiento, Jhonatan clicks on Ingresar aÃ±o de la fecha de nacimiento, Jhonatan enters 'Spanish' into Ingresar idiomas que habla, Jhonatan clicks on Opcion siguiente, Jhonatan enters 'Montería' into Ingresar ciudad donde vive, Jhonatan enters '230003' into Ingresar codigo postal, Jhonatan clicks on Ingresar pais donde vive, Jhonatan enters 'Colombia' into Ingresar pais donde vive, Jhonatan clicks on Opcion siguiente, Jhonatan clicks on Ingresar el sistema operativo del computador, Jhonatan clicks on Ingresar el sistema operativo del computador, Jhonatan clicks on Ingresar la version del sistema operativo del computador, Jhonatan clicks on Ingresar la version del sistema operativo del computador, Jhonatan clicks on Ingresar el idioma del sistema operativo, Jhonatan clicks on Ingresar el idioma del sistema operativo, Jhonatan clicks on Seleccionar el tipo de dispositivo movil, Jhonatan clicks on Seleccionar el tipo de dispositivo movil, Jhonatan clicks on Seleccionar el modelo del movil, Jhonatan clicks on Seleccionar el modelo del movil]]]
[Test worker] WARN net.thucydides.core.steps.BaseStepListener - stepStarted: net.thucydides.core.steps.ExecutedStepDescription@623c2d1e
[Test worker] WARN net.thucydides.core.steps.BaseStepListener - stepFinished: current outcome:Escenario:Example: {nombre=Jhonatan, apellido=Paternina, correo=jhonatanpater122@gmail.com, idioma=Spanish, ciudad=Montería, codigo_postal=230003, pais=Colombia, computador=Linux, version=Fedora, idioma2=Spanish, dispositivo_mobil=Motorola, modelo=Moto G8 Power, sistema_operativo=Android 11, password=123654987Jp, confirm_password=123654987Jp, texto=Welcome to the world's largest community of freelance software testers!} [Dado que Jhonatan quiere registrarse en la pagina utest [Jhonatan abrir nevegador [Jhonatan opens the Abrir pagina utest]], Cuando el realiza el registro del mismo en la pagina web utest
| nombre | apellido | correo | idioma | ciudad | codigo_postal | pais | computador | version | idioma2 | dispositivo_mobil | modelo | sistema_operativo | password | confirm_password |
| Jhonatan | Paternina | jhonatanpater122@gmail.com | Spanish | Montería | 230003 | Colombia | Linux | Fedora | Spanish | Motorola | Moto G8 Power | Android 11 | 123654987Jp | 123654987Jp | [Jhonatan registro utest [Jhonatan clicks on Boton opcion registrase, Jhonatan enters 'Jhonatan' into Ingresar nombre, Jhonatan enters 'Paternina' into Ingresar apellido, Jhonatan enters 'jhonatanpater122@gmail.com' into Ingresar correo electronico, Jhonatan clicks on Ingresar mes de la fecha de nacimiento, Jhonatan clicks on Ingresar dia de la fecha de nacimiento, Jhonatan clicks on Ingresar aÃ±o de la fecha de nacimiento, Jhonatan enters 'Spanish' into Ingresar idiomas que habla, Jhonatan clicks on Opcion siguiente, Jhonatan enters 'Montería' into Ingresar ciudad donde vive, Jhonatan enters '230003' into Ingresar codigo postal, Jhonatan clicks on Ingresar pais donde vive, Jhonatan enters 'Colombia' into Ingresar pais donde vive, Jhonatan clicks on Opcion siguiente, Jhonatan clicks on Ingresar el sistema operativo del computador, Jhonatan clicks on Ingresar el sistema operativo del computador, Jhonatan clicks on Ingresar la version del sistema operativo del computador, Jhonatan clicks on Ingresar la version del sistema operativo del computador, Jhonatan clicks on Ingresar el idioma del sistema operativo, Jhonatan clicks on Ingresar el idioma del sistema operativo, Jhonatan clicks on Seleccionar el tipo de dispositivo movil, Jhonatan clicks on Seleccionar el tipo de dispositivo movil, Jhonatan clicks on Seleccionar el modelo del movil, Jhonatan clicks on Seleccionar el modelo del movil, Jhonatan clicks on Seleccionar el sistema operatico del movil]]]
[Test worker] WARN net.thucydides.core.steps.BaseStepListener - stepStarted: net.thucydides.core.steps.ExecutedStepDescription@672762c7
[Test worker] WARN net.thucydides.core.steps.BaseStepListener - stepFinished: current outcome:Escenario:Example: {nombre=Jhonatan, apellido=Paternina, correo=jhonatanpater122@gmail.com, idioma=Spanish, ciudad=Montería, codigo_postal=230003, pais=Colombia, computador=Linux, version=Fedora, idioma2=Spanish, dispositivo_mobil=Motorola, modelo=Moto G8 Power, sistema_operativo=Android 11, password=123654987Jp, confirm_password=123654987Jp, texto=Welcome to the world's largest community of freelance software testers!} [Dado que Jhonatan quiere registrarse en la pagina utest [Jhonatan abrir nevegador [Jhonatan opens the Abrir pagina utest]], Cuando el realiza el registro del mismo en la pagina web utest
| nombre | apellido | correo | idioma | ciudad | codigo_postal | pais | computador | version | idioma2 | dispositivo_mobil | modelo | sistema_operativo | password | confirm_password |
| Jhonatan | Paternina | jhonatanpater122@gmail.com | Spanish | Montería | 230003 | Colombia | Linux | Fedora | Spanish | Motorola | Moto G8 Power | Android 11 | 123654987Jp | 123654987Jp | [Jhonatan registro utest [Jhonatan clicks on Boton opcion registrase, Jhonatan enters 'Jhonatan' into Ingresar nombre, Jhonatan enters 'Paternina' into Ingresar apellido, Jhonatan enters 'jhonatanpater122@gmail.com' into Ingresar correo electronico, Jhonatan clicks on Ingresar mes de la fecha de nacimiento, Jhonatan clicks on Ingresar dia de la fecha de nacimiento, Jhonatan clicks on Ingresar aÃ±o de la fecha de nacimiento, Jhonatan enters 'Spanish' into Ingresar idiomas que habla, Jhonatan clicks on Opcion siguiente, Jhonatan enters 'Montería' into Ingresar ciudad donde vive, Jhonatan enters '230003' into Ingresar codigo postal, Jhonatan clicks on Ingresar pais donde vive, Jhonatan enters 'Colombia' into Ingresar pais donde vive, Jhonatan clicks on Opcion siguiente, Jhonatan clicks on Ingresar el sistema operativo del computador, Jhonatan clicks on Ingresar el sistema operativo del computador, Jhonatan clicks on Ingresar la version del sistema operativo del computador, Jhonatan clicks on Ingresar la version del sistema operativo del computador, Jhonatan clicks on Ingresar el idioma del sistema operativo, Jhonatan clicks on Ingresar el idioma del sistema operativo, Jhonatan clicks on Seleccionar el tipo de dispositivo movil, Jhonatan clicks on Seleccionar el tipo de dispositivo movil, Jhonatan clicks on Seleccionar el modelo del movil, Jhonatan clicks on Seleccionar el modelo del movil, Jhonatan clicks on Seleccionar el sistema operatico del movil, Jhonatan clicks on Seleccionar el sistema operatico del movil]]]
[Test worker] WARN net.thucydides.core.steps.BaseStepListener - stepStarted: net.thucydides.core.steps.ExecutedStepDescription@624be36e
[Test worker] WARN net.thucydides.core.steps.BaseStepListener - stepFinished: current outcome:Escenario:Example: {nombre=Jhonatan, apellido=Paternina, correo=jhonatanpater122@gmail.com, idioma=Spanish, ciudad=Montería, codigo_postal=230003, pais=Colombia, computador=Linux, version=Fedora, idioma2=Spanish, dispositivo_mobil=Motorola, modelo=Moto G8 Power, sistema_operativo=Android 11, password=123654987Jp, confirm_password=123654987Jp, texto=Welcome to the world's largest community of freelance software testers!} [Dado que Jhonatan quiere registrarse en la pagina utest [Jhonatan abrir nevegador [Jhonatan opens the Abrir pagina utest]], Cuando el realiza el registro del mismo en la pagina web utest
| nombre | apellido | correo | idioma | ciudad | codigo_postal | pais | computador | version | idioma2 | dispositivo_mobil | modelo | sistema_operativo | password | confirm_password |
| Jhonatan | Paternina | jhonatanpater122@gmail.com | Spanish | Montería | 230003 | Colombia | Linux | Fedora | Spanish | Motorola | Moto G8 Power | Android 11 | 123654987Jp | 123654987Jp | [Jhonatan registro utest [Jhonatan clicks on Boton opcion registrase, Jhonatan enters 'Jhonatan' into Ingresar nombre, Jhonatan enters 'Paternina' into Ingresar apellido, Jhonatan enters 'jhonatanpater122@gmail.com' into Ingresar correo electronico, Jhonatan clicks on Ingresar mes de la fecha de nacimiento, Jhonatan clicks on Ingresar dia de la fecha de nacimiento, Jhonatan clicks on Ingresar aÃ±o de la fecha de nacimiento, Jhonatan enters 'Spanish' into Ingresar idiomas que habla, Jhonatan clicks on Opcion siguiente, Jhonatan enters 'Montería' into Ingresar ciudad donde vive, Jhonatan enters '230003' into Ingresar codigo postal, Jhonatan clicks on Ingresar pais donde vive, Jhonatan enters 'Colombia' into Ingresar pais donde vive, Jhonatan clicks on Opcion siguiente, Jhonatan clicks on Ingresar el sistema operativo del computador, Jhonatan clicks on Ingresar el sistema operativo del computador, Jhonatan clicks on Ingresar la version del sistema operativo del computador, Jhonatan clicks on Ingresar la version del sistema operativo del computador, Jhonatan clicks on Ingresar el idioma del sistema operativo, Jhonatan clicks on Ingresar el idioma del sistema operativo, Jhonatan clicks on Seleccionar el tipo de dispositivo movil, Jhonatan clicks on Seleccionar el tipo de dispositivo movil, Jhonatan clicks on Seleccionar el modelo del movil, Jhonatan clicks on Seleccionar el modelo del movil, Jhonatan clicks on Seleccionar el sistema operatico del movil, Jhonatan clicks on Seleccionar el sistema operatico del movil, Jhonatan clicks on Opcion siguiente]]]
[Test worker] WARN net.thucydides.core.steps.BaseStepListener - stepStarted: net.thucydides.core.steps.ExecutedStepDescription@3cfdb4f6
[Test worker] WARN net.thucydides.core.steps.BaseStepListener - stepFinished: current outcome:Escenario:Example: {nombre=Jhonatan, apellido=Paternina, correo=jhonatanpater122@gmail.com, idioma=Spanish, ciudad=Montería, codigo_postal=230003, pais=Colombia, computador=Linux, version=Fedora, idioma2=Spanish, dispositivo_mobil=Motorola, modelo=Moto G8 Power, sistema_operativo=Android 11, password=123654987Jp, confirm_password=123654987Jp, texto=Welcome to the world's largest community of freelance software testers!} [Dado que Jhonatan quiere registrarse en la pagina utest [Jhonatan abrir nevegador [Jhonatan opens the Abrir pagina utest]], Cuando el realiza el registro del mismo en la pagina web utest
| nombre | apellido | correo | idioma | ciudad | codigo_postal | pais | computador | version | idioma2 | dispositivo_mobil | modelo | sistema_operativo | password | confirm_password |
| Jhonatan | Paternina | jhonatanpater122@gmail.com | Spanish | Montería | 230003 | Colombia | Linux | Fedora | Spanish | Motorola | Moto G8 Power | Android 11 | 123654987Jp | 123654987Jp | [Jhonatan registro utest [Jhonatan clicks on Boton opcion registrase, Jhonatan enters 'Jhonatan' into Ingresar nombre, Jhonatan enters 'Paternina' into Ingresar apellido, Jhonatan enters 'jhonatanpater122@gmail.com' into Ingresar correo electronico, Jhonatan clicks on Ingresar mes de la fecha de nacimiento, Jhonatan clicks on Ingresar dia de la fecha de nacimiento, Jhonatan clicks on Ingresar aÃ±o de la fecha de nacimiento, Jhonatan enters 'Spanish' into Ingresar idiomas que habla, Jhonatan clicks on Opcion siguiente, Jhonatan enters 'Montería' into Ingresar ciudad donde vive, Jhonatan enters '230003' into Ingresar codigo postal, Jhonatan clicks on Ingresar pais donde vive, Jhonatan enters 'Colombia' into Ingresar pais donde vive, Jhonatan clicks on Opcion siguiente, Jhonatan clicks on Ingresar el sistema operativo del computador, Jhonatan clicks on Ingresar el sistema operativo del computador, Jhonatan clicks on Ingresar la version del sistema operativo del computador, Jhonatan clicks on Ingresar la version del sistema operativo del computador, Jhonatan clicks on Ingresar el idioma del sistema operativo, Jhonatan clicks on Ingresar el idioma del sistema operativo, Jhonatan clicks on Seleccionar el tipo de dispositivo movil, Jhonatan clicks on Seleccionar el tipo de dispositivo movil, Jhonatan clicks on Seleccionar el modelo del movil, Jhonatan clicks on Seleccionar el modelo del movil, Jhonatan clicks on Seleccionar el sistema operatico del movil, Jhonatan clicks on Seleccionar el sistema operatico del movil, Jhonatan clicks on Opcion siguiente, Jhonatan enters '123654987Jp' into Ingresar la contraseÃ±a]]]
[Test worker] WARN net.thucydides.core.steps.BaseStepListener - stepStarted: net.thucydides.core.steps.ExecutedStepDescription@5437730a
[Test worker] WARN net.thucydides.core.steps.BaseStepListener - stepFinished: current outcome:Escenario:Example: {nombre=Jhonatan, apellido=Paternina, correo=jhonatanpater122@gmail.com, idioma=Spanish, ciudad=Montería, codigo_postal=230003, pais=Colombia, computador=Linux, version=Fedora, idioma2=Spanish, dispositivo_mobil=Motorola, modelo=Moto G8 Power, sistema_operativo=Android 11, password=123654987Jp, confirm_password=123654987Jp, texto=Welcome to the world's largest community of freelance software testers!} [Dado que Jhonatan quiere registrarse en la pagina utest [Jhonatan abrir nevegador [Jhonatan opens the Abrir pagina utest]], Cuando el realiza el registro del mismo en la pagina web utest
| nombre | apellido | correo | idioma | ciudad | codigo_postal | pais | computador | version | idioma2 | dispositivo_mobil | modelo | sistema_operativo | password | confirm_password |
| Jhonatan | Paternina | jhonatanpater122@gmail.com | Spanish | Montería | 230003 | Colombia | Linux | Fedora | Spanish | Motorola | Moto G8 Power | Android 11 | 123654987Jp | 123654987Jp | [Jhonatan registro utest [Jhonatan clicks on Boton opcion registrase, Jhonatan enters 'Jhonatan' into Ingresar nombre, Jhonatan enters 'Paternina' into Ingresar apellido, Jhonatan enters 'jhonatanpater122@gmail.com' into Ingresar correo electronico, Jhonatan clicks on Ingresar mes de la fecha de nacimiento, Jhonatan clicks on Ingresar dia de la fecha de nacimiento, Jhonatan clicks on Ingresar aÃ±o de la fecha de nacimiento, Jhonatan enters 'Spanish' into Ingresar idiomas que habla, Jhonatan clicks on Opcion siguiente, Jhonatan enters 'Montería' into Ingresar ciudad donde vive, Jhonatan enters '230003' into Ingresar codigo postal, Jhonatan clicks on Ingresar pais donde vive, Jhonatan enters 'Colombia' into Ingresar pais donde vive, Jhonatan clicks on Opcion siguiente, Jhonatan clicks on Ingresar el sistema operativo del computador, Jhonatan clicks on Ingresar el sistema operativo del computador, Jhonatan clicks on Ingresar la version del sistema operativo del computador, Jhonatan clicks on Ingresar la version del sistema operativo del computador, Jhonatan clicks on Ingresar el idioma del sistema operativo, Jhonatan clicks on Ingresar el idioma del sistema operativo, Jhonatan clicks on Seleccionar el tipo de dispositivo movil, Jhonatan clicks on Seleccionar el tipo de dispositivo movil, Jhonatan clicks on Seleccionar el modelo del movil, Jhonatan clicks on Seleccionar el modelo del movil, Jhonatan clicks on Seleccionar el sistema operatico del movil, Jhonatan clicks on Seleccionar el sistema operatico del movil, Jhonatan clicks on Opcion siguiente, Jhonatan enters '123654987Jp' into Ingresar la contraseÃ±a, Jhonatan enters '123654987Jp' into Ingresar confirmacion de la contraseÃ±a]]]
[Test worker] WARN net.thucydides.core.steps.BaseStepListener - stepStarted: net.thucydides.core.steps.ExecutedStepDescription@390a5b2c
[Test worker] WARN net.thucydides.core.steps.BaseStepListener - stepFinished: current outcome:Escenario:Example: {nombre=Jhonatan, apellido=Paternina, correo=jhonatanpater122@gmail.com, idioma=Spanish, ciudad=Montería, codigo_postal=230003, pais=Colombia, computador=Linux, version=Fedora, idioma2=Spanish, dispositivo_mobil=Motorola, modelo=Moto G8 Power, sistema_operativo=Android 11, password=123654987Jp, confirm_password=123654987Jp, texto=Welcome to the world's largest community of freelance software testers!} [Dado que Jhonatan quiere registrarse en la pagina utest [Jhonatan abrir nevegador [Jhonatan opens the Abrir pagina utest]], Cuando el realiza el registro del mismo en la pagina web utest
| nombre | apellido | correo | idioma | ciudad | codigo_postal | pais | computador | version | idioma2 | dispositivo_mobil | modelo | sistema_operativo | password | confirm_password |
| Jhonatan | Paternina | jhonatanpater122@gmail.com | Spanish | Montería | 230003 | Colombia | Linux | Fedora | Spanish | Motorola | Moto G8 Power | Android 11 | 123654987Jp | 123654987Jp | [Jhonatan registro utest [Jhonatan clicks on Boton opcion registrase, Jhonatan enters 'Jhonatan' into Ingresar nombre, Jhonatan enters 'Paternina' into Ingresar apellido, Jhonatan enters 'jhonatanpater122@gmail.com' into Ingresar correo electronico, Jhonatan clicks on Ingresar mes de la fecha de nacimiento, Jhonatan clicks on Ingresar dia de la fecha de nacimiento, Jhonatan clicks on Ingresar aÃ±o de la fecha de nacimiento, Jhonatan enters 'Spanish' into Ingresar idiomas que habla, Jhonatan clicks on Opcion siguiente, Jhonatan enters 'Montería' into Ingresar ciudad donde vive, Jhonatan enters '230003' into Ingresar codigo postal, Jhonatan clicks on Ingresar pais donde vive, Jhonatan enters 'Colombia' into Ingresar pais donde vive, Jhonatan clicks on Opcion siguiente, Jhonatan clicks on Ingresar el sistema operativo del computador, Jhonatan clicks on Ingresar el sistema operativo del computador, Jhonatan clicks on Ingresar la version del sistema operativo del computador, Jhonatan clicks on Ingresar la version del sistema operativo del computador, Jhonatan clicks on Ingresar el idioma del sistema operativo, Jhonatan clicks on Ingresar el idioma del sistema operativo, Jhonatan clicks on Seleccionar el tipo de dispositivo movil, Jhonatan clicks on Seleccionar el tipo de dispositivo movil, Jhonatan clicks on Seleccionar el modelo del movil, Jhonatan clicks on Seleccionar el modelo del movil, Jhonatan clicks on Seleccionar el sistema operatico del movil, Jhonatan clicks on Seleccionar el sistema operatico del movil, Jhonatan clicks on Opcion siguiente, Jhonatan enters '123654987Jp' into Ingresar la contraseÃ±a, Jhonatan enters '123654987Jp' into Ingresar confirmacion de la contraseÃ±a, Jhonatan clicks on Seleccionar checkbox uno]]]
[Test worker] WARN net.thucydides.core.steps.BaseStepListener - stepStarted: net.thucydides.core.steps.ExecutedStepDescription@21cf31c1
[Test worker] WARN net.thucydides.core.steps.BaseStepListener - stepFinished: current outcome:Escenario:Example: {nombre=Jhonatan, apellido=Paternina, correo=jhonatanpater122@gmail.com, idioma=Spanish, ciudad=Montería, codigo_postal=230003, pais=Colombia, computador=Linux, version=Fedora, idioma2=Spanish, dispositivo_mobil=Motorola, modelo=Moto G8 Power, sistema_operativo=Android 11, password=123654987Jp, confirm_password=123654987Jp, texto=Welcome to the world's largest community of freelance software testers!} [Dado que Jhonatan quiere registrarse en la pagina utest [Jhonatan abrir nevegador [Jhonatan opens the Abrir pagina utest]], Cuando el realiza el registro del mismo en la pagina web utest
| nombre | apellido | correo | idioma | ciudad | codigo_postal | pais | computador | version | idioma2 | dispositivo_mobil | modelo | sistema_operativo | password | confirm_password |
| Jhonatan | Paternina | jhonatanpater122@gmail.com | Spanish | Montería | 230003 | Colombia | Linux | Fedora | Spanish | Motorola | Moto G8 Power | Android 11 | 123654987Jp | 123654987Jp | [Jhonatan registro utest [Jhonatan clicks on Boton opcion registrase, Jhonatan enters 'Jhonatan' into Ingresar nombre, Jhonatan enters 'Paternina' into Ingresar apellido, Jhonatan enters 'jhonatanpater122@gmail.com' into Ingresar correo electronico, Jhonatan clicks on Ingresar mes de la fecha de nacimiento, Jhonatan clicks on Ingresar dia de la fecha de nacimiento, Jhonatan clicks on Ingresar aÃ±o de la fecha de nacimiento, Jhonatan enters 'Spanish' into Ingresar idiomas que habla, Jhonatan clicks on Opcion siguiente, Jhonatan enters 'Montería' into Ingresar ciudad donde vive, Jhonatan enters '230003' into Ingresar codigo postal, Jhonatan clicks on Ingresar pais donde vive, Jhonatan enters 'Colombia' into Ingresar pais donde vive, Jhonatan clicks on Opcion siguiente, Jhonatan clicks on Ingresar el sistema operativo del computador, Jhonatan clicks on Ingresar el sistema operativo del computador, Jhonatan clicks on Ingresar la version del sistema operativo del computador, Jhonatan clicks on Ingresar la version del sistema operativo del computador, Jhonatan clicks on Ingresar el idioma del sistema operativo, Jhonatan clicks on Ingresar el idioma del sistema operativo, Jhonatan clicks on Seleccionar el tipo de dispositivo movil, Jhonatan clicks on Seleccionar el tipo de dispositivo movil, Jhonatan clicks on Seleccionar el modelo del movil, Jhonatan clicks on Seleccionar el modelo del movil, Jhonatan clicks on Seleccionar el sistema operatico del movil, Jhonatan clicks on Seleccionar el sistema operatico del movil, Jhonatan clicks on Opcion siguiente, Jhonatan enters '123654987Jp' into Ingresar la contraseÃ±a, Jhonatan enters '123654987Jp' into Ingresar confirmacion de la contraseÃ±a, Jhonatan clicks on Seleccionar checkbox uno, Jhonatan clicks on Seleccionar checkbox dos]]]
[Test worker] WARN net.thucydides.core.steps.BaseStepListener - stepStarted: net.thucydides.core.steps.ExecutedStepDescription@5a02333a
[Test worker] WARN net.thucydides.core.steps.BaseStepListener - stepFinished: current outcome:Escenario:Example: {nombre=Jhonatan, apellido=Paternina, correo=jhonatanpater122@gmail.com, idioma=Spanish, ciudad=Montería, codigo_postal=230003, pais=Colombia, computador=Linux, version=Fedora, idioma2=Spanish, dispositivo_mobil=Motorola, modelo=Moto G8 Power, sistema_operativo=Android 11, password=123654987Jp, confirm_password=123654987Jp, texto=Welcome to the world's largest community of freelance software testers!} [Dado que Jhonatan quiere registrarse en la pagina utest [Jhonatan abrir nevegador [Jhonatan opens the Abrir pagina utest]], Cuando el realiza el registro del mismo en la pagina web utest
| nombre | apellido | correo | idioma | ciudad | codigo_postal | pais | computador | version | idioma2 | dispositivo_mobil | modelo | sistema_operativo | password | confirm_password |
| Jhonatan | Paternina | jhonatanpater122@gmail.com | Spanish | Montería | 230003 | Colombia | Linux | Fedora | Spanish | Motorola | Moto G8 Power | Android 11 | 123654987Jp | 123654987Jp | [Jhonatan registro utest [Jhonatan clicks on Boton opcion registrase, Jhonatan enters 'Jhonatan' into Ingresar nombre, Jhonatan enters 'Paternina' into Ingresar apellido, Jhonatan enters 'jhonatanpater122@gmail.com' into Ingresar correo electronico, Jhonatan clicks on Ingresar mes de la fecha de nacimiento, Jhonatan clicks on Ingresar dia de la fecha de nacimiento, Jhonatan clicks on Ingresar aÃ±o de la fecha de nacimiento, Jhonatan enters 'Spanish' into Ingresar idiomas que habla, Jhonatan clicks on Opcion siguiente, Jhonatan enters 'Montería' into Ingresar ciudad donde vive, Jhonatan enters '230003' into Ingresar codigo postal, Jhonatan clicks on Ingresar pais donde vive, Jhonatan enters 'Colombia' into Ingresar pais donde vive, Jhonatan clicks on Opcion siguiente, Jhonatan clicks on Ingresar el sistema operativo del computador, Jhonatan clicks on Ingresar el sistema operativo del computador, Jhonatan clicks on Ingresar la version del sistema operativo del computador, Jhonatan clicks on Ingresar la version del sistema operativo del computador, Jhonatan clicks on Ingresar el idioma del sistema operativo, Jhonatan clicks on Ingresar el idioma del sistema operativo, Jhonatan clicks on Seleccionar el tipo de dispositivo movil, Jhonatan clicks on Seleccionar el tipo de dispositivo movil, Jhonatan clicks on Seleccionar el modelo del movil, Jhonatan clicks on Seleccionar el modelo del movil, Jhonatan clicks on Seleccionar el sistema operatico del movil, Jhonatan clicks on Seleccionar el sistema operatico del movil, Jhonatan clicks on Opcion siguiente, Jhonatan enters '123654987Jp' into Ingresar la contraseÃ±a, Jhonatan enters '123654987Jp' into Ingresar confirmacion de la contraseÃ±a, Jhonatan clicks on Seleccionar checkbox uno, Jhonatan clicks on Seleccionar checkbox dos, Jhonatan clicks on Seleccionar checkbox tres]]]
[Test worker] WARN net.thucydides.core.steps.BaseStepListener - stepStarted: net.thucydides.core.steps.ExecutedStepDescription@24dd6687
[Test worker] WARN net.thucydides.core.steps.BaseStepListener - stepFinished: current outcome:Escenario:Example: {nombre=Jhonatan, apellido=Paternina, correo=jhonatanpater122@gmail.com, idioma=Spanish, ciudad=Montería, codigo_postal=230003, pais=Colombia, computador=Linux, version=Fedora, idioma2=Spanish, dispositivo_mobil=Motorola, modelo=Moto G8 Power, sistema_operativo=Android 11, password=123654987Jp, confirm_password=123654987Jp, texto=Welcome to the world's largest community of freelance software testers!} [Dado que Jhonatan quiere registrarse en la pagina utest [Jhonatan abrir nevegador [Jhonatan opens the Abrir pagina utest]], Cuando el realiza el registro del mismo en la pagina web utest
| nombre | apellido | correo | idioma | ciudad | codigo_postal | pais | computador | version | idioma2 | dispositivo_mobil | modelo | sistema_operativo | password | confirm_password |
| Jhonatan | Paternina | jhonatanpater122@gmail.com | Spanish | Montería | 230003 | Colombia | Linux | Fedora | Spanish | Motorola | Moto G8 Power | Android 11 | 123654987Jp | 123654987Jp | [Jhonatan registro utest [Jhonatan clicks on Boton opcion registrase, Jhonatan enters 'Jhonatan' into Ingresar nombre, Jhonatan enters 'Paternina' into Ingresar apellido, Jhonatan enters 'jhonatanpater122@gmail.com' into Ingresar correo electronico, Jhonatan clicks on Ingresar mes de la fecha de nacimiento, Jhonatan clicks on Ingresar dia de la fecha de nacimiento, Jhonatan clicks on Ingresar aÃ±o de la fecha de nacimiento, Jhonatan enters 'Spanish' into Ingresar idiomas que habla, Jhonatan clicks on Opcion siguiente, Jhonatan enters 'Montería' into Ingresar ciudad donde vive, Jhonatan enters '230003' into Ingresar codigo postal, Jhonatan clicks on Ingresar pais donde vive, Jhonatan enters 'Colombia' into Ingresar pais donde vive, Jhonatan clicks on Opcion siguiente, Jhonatan clicks on Ingresar el sistema operativo del computador, Jhonatan clicks on Ingresar el sistema operativo del computador, Jhonatan clicks on Ingresar la version del sistema operativo del computador, Jhonatan clicks on Ingresar la version del sistema operativo del computador, Jhonatan clicks on Ingresar el idioma del sistema operativo, Jhonatan clicks on Ingresar el idioma del sistema operativo, Jhonatan clicks on Seleccionar el tipo de dispositivo movil, Jhonatan clicks on Seleccionar el tipo de dispositivo movil, Jhonatan clicks on Seleccionar el modelo del movil, Jhonatan clicks on Seleccionar el modelo del movil, Jhonatan clicks on Seleccionar el sistema operatico del movil, Jhonatan clicks on Seleccionar el sistema operatico del movil, Jhonatan clicks on Opcion siguiente, Jhonatan enters '123654987Jp' into Ingresar la contraseÃ±a, Jhonatan enters '123654987Jp' into Ingresar confirmacion de la contraseÃ±a, Jhonatan clicks on Seleccionar checkbox uno, Jhonatan clicks on Seleccionar checkbox dos, Jhonatan clicks on Seleccionar checkbox tres, Jhonatan clicks on Seleccionar boton finalizar registro]]]
[Test worker] WARN net.thucydides.core.steps.BaseStepListener - stepFinished: current outcome:Escenario:Example: {nombre=Jhonatan, apellido=Paternina, correo=jhonatanpater122@gmail.com, idioma=Spanish, ciudad=Montería, codigo_postal=230003, pais=Colombia, computador=Linux, version=Fedora, idioma2=Spanish, dispositivo_mobil=Motorola, modelo=Moto G8 Power, sistema_operativo=Android 11, password=123654987Jp, confirm_password=123654987Jp, texto=Welcome to the world's largest community of freelance software testers!} [Dado que Jhonatan quiere registrarse en la pagina utest [Jhonatan abrir nevegador [Jhonatan opens the Abrir pagina utest]], Cuando el realiza el registro del mismo en la pagina web utest
| nombre | apellido | correo | idioma | ciudad | codigo_postal | pais | computador | version | idioma2 | dispositivo_mobil | modelo | sistema_operativo | password | confirm_password |
| Jhonatan | Paternina | jhonatanpater122@gmail.com | Spanish | Montería | 230003 | Colombia | Linux | Fedora | Spanish | Motorola | Moto G8 Power | Android 11 | 123654987Jp | 123654987Jp | [Jhonatan registro utest [Jhonatan clicks on Boton opcion registrase, Jhonatan enters 'Jhonatan' into Ingresar nombre, Jhonatan enters 'Paternina' into Ingresar apellido, Jhonatan enters 'jhonatanpater122@gmail.com' into Ingresar correo electronico, Jhonatan clicks on Ingresar mes de la fecha de nacimiento, Jhonatan clicks on Ingresar dia de la fecha de nacimiento, Jhonatan clicks on Ingresar aÃ±o de la fecha de nacimiento, Jhonatan enters 'Spanish' into Ingresar idiomas que habla, Jhonatan clicks on Opcion siguiente, Jhonatan enters 'Montería' into Ingresar ciudad donde vive, Jhonatan enters '230003' into Ingresar codigo postal, Jhonatan clicks on Ingresar pais donde vive, Jhonatan enters 'Colombia' into Ingresar pais donde vive, Jhonatan clicks on Opcion siguiente, Jhonatan clicks on Ingresar el sistema operativo del computador, Jhonatan clicks on Ingresar el sistema operativo del computador, Jhonatan clicks on Ingresar la version del sistema operativo del computador, Jhonatan clicks on Ingresar la version del sistema operativo del computador, Jhonatan clicks on Ingresar el idioma del sistema operativo, Jhonatan clicks on Ingresar el idioma del sistema operativo, Jhonatan clicks on Seleccionar el tipo de dispositivo movil, Jhonatan clicks on Seleccionar el tipo de dispositivo movil, Jhonatan clicks on Seleccionar el modelo del movil, Jhonatan clicks on Seleccionar el modelo del movil, Jhonatan clicks on Seleccionar el sistema operatico del movil, Jhonatan clicks on Seleccionar el sistema operatico del movil, Jhonatan clicks on Opcion siguiente, Jhonatan enters '123654987Jp' into Ingresar la contraseÃ±a, Jhonatan enters '123654987Jp' into Ingresar confirmacion de la contraseÃ±a, Jhonatan clicks on Seleccionar checkbox uno, Jhonatan clicks on Seleccionar checkbox dos, Jhonatan clicks on Seleccionar checkbox tres, Jhonatan clicks on Seleccionar boton final
[...]
[Test worker] WARN net.thucydides.core.steps.BaseStepListener - stepStarted: net.thucydides.core.steps.ExecutedStepDescription@436f18bc
[Test worker] WARN net.thucydides.core.steps.BaseStepListener - stepStarted: net.thucydides.core.steps.ExecutedStepDescription@559d75a
[Test worker] WARN net.thucydides.core.steps.BaseStepListener - stepFinished: current outcome:Escenario:Example: {nombre=Jhonatan, apellido=Paternina, correo=jhonatanpater122@gmail.com, idioma=Spanish, ciudad=Montería, codigo_postal=230003, pais=Colombia, computador=Linux, version=Fedora, idioma2=Spanish, dispositivo_mobil=Motorola, modelo=Moto G8 Power, sistema_operativo=Android 11, password=123654987Jp, confirm_password=123654987Jp, texto=Welcome to the world's largest community of freelance software testers!} [Dado que Jhonatan quiere registrarse en la pagina utest [Jhonatan abrir nevegador [Jhonatan opens the Abrir pagina utest]], Cuando el realiza el registro del mismo en la pagina web utest
| nombre | apellido | correo | idioma | ciudad | codigo_postal | pais | computador | version | idioma2 | dispositivo_mobil | modelo | sistema_operativo | password | confirm_password |
| Jhonatan | Paternina | jhonatanpater122@gmail.com | Spanish | Montería | 230003 | Colombia | Linux | Fedora | Spanish | Motorola | Moto G8 Power | Android 11 | 123654987Jp | 123654987Jp | [Jhonatan registro utest [Jhonatan clicks on Boton opcion registrase, Jhonatan enters 'Jhonatan' into Ingresar nombre, Jhonatan enters 'Paternina' into Ingresar apellido, Jhonatan enters 'jhonatanpater122@gmail.com' into Ingresar correo electronico, Jhonatan clicks on Ingresar mes de la fecha de nacimiento, Jhonatan clicks on Ingresar dia de la fecha de nacimiento, Jhonatan clicks on Ingresar aÃ±o de la fecha de nacimiento, Jhonatan enters 'Spanish' into Ingresar idiomas que habla, Jhonatan clicks on Opcion siguiente, Jhonatan enters 'Montería' into Ingresar ciudad donde vive, Jhonatan enters '230003' into Ingresar codigo postal, Jhonatan clicks on Ingresar pais donde vive, Jhonatan enters 'Colombia' into Ingresar pais donde vive, Jhonatan clicks on Opcion siguiente, Jhonatan clicks on Ingresar el sistema operativo del computador, Jhonatan clicks on Ingresar el sistema operativo del computador, Jhonatan clicks on Ingresar la version del sistema operativo del computador, Jhonatan clicks on Ingresar la version del sistema operativo del computador, Jhonatan clicks on Ingresar el idioma del sistema operativo, Jhonatan clicks on Ingresar el idioma del sistema operativo, Jhonatan clicks on Seleccionar el tipo de dispositivo movil, Jhonatan clicks on Seleccionar el tipo de dispositivo movil, Jhonatan clicks on Seleccionar el modelo del movil, Jhonatan clicks on Seleccionar el modelo del movil, Jhonatan clicks on Seleccionar el sistema operatico del movil, Jhonatan clicks on Seleccionar el sistema operatico del movil, Jhonatan clicks on Opcion siguiente, Jhonatan enters '123654987Jp' into Ingresar la contraseÃ±a, Jhonatan enters '123654987Jp' into Ingresar confirmacion de la contraseÃ±a, Jhonatan clicks on Seleccionar checkbox uno, Jhonatan clicks on Seleccionar checkbox dos, Jhonatan clicks on Seleccionar checkbox tres, Jhonatan clicks on Seleccionar boton finalizar registro]], Entonces verifica que se presente en pantalla el mensaje
| texto |
| Welcome to the world's largest community of freelance software testers! | [Then verificar]]
[Test worker] WARN net.thucydides.core.steps.BaseStepListener - stepFinished: current outcome:Escenario:Example: {nombre=Jhonatan, apellido=Paternina, correo=jhonatanpater122@gmail.com, idioma=Spanish, ciudad=Montería, codigo_postal=230003, pais=Colombia, computador=Linux, version=Fedora, idioma2=Spanish, dispositivo_mobil=Motorola, modelo=Moto G8 Power, sistema_operativo=Android 11, password=123654987Jp, confirm_password=123654987Jp, texto=Welcome to the world's largest community of freelance software testers!} [Dado que Jhonatan quiere registrarse en la pagina utest [Jhonatan abrir nevegador [Jhonatan opens the Abrir pagina utest]], Cuando el realiza el registro del mismo en la pagina web utest
| nombre | apellido | correo | idioma | ciudad | codigo_postal | pais | computador | version | idioma2 | dispositivo_mobil | modelo | sistema_operativo | password | confirm_password |
| Jhonatan | Paternina | jhonatanpater122@gmail.com | Spanish | Montería | 230003 | Colombia | Linux | Fedora | Spanish | Motorola | Moto G8 Power | Android 11 | 123654987Jp | 123654987Jp | [Jhonatan registro utest [Jhonatan clicks on Boton opcion registrase, Jhonatan enters 'Jhonatan' into Ingresar nombre, Jhonatan enters 'Paternina' into Ingresar apellido, Jhonatan enters 'jhonatanpater122@gmail.com' into Ingresar correo electronico, Jhonatan clicks on Ingresar mes de la fecha de nacimiento, Jhonatan clicks on Ingresar dia de la fecha de nacimiento, Jhonatan clicks on Ingresar aÃ±o de la fecha de nacimiento, Jhonatan enters 'Spanish' into Ingresar idiomas que habla, Jhonatan clicks on Opcion siguiente, Jhonatan enters 'Montería' into Ingresar ciudad donde vive, Jhonatan enters '230003' into Ingresar codigo postal, Jhonatan clicks on Ingresar pais donde vive, Jhonatan enters 'Colombia' into Ingresar pais donde vive, Jhonatan clicks on Opcion siguiente, Jhonatan clicks on Ingresar el sistema operativo del computador, Jhonatan clicks on Ingresar el sistema operativo del computador, Jhonatan clicks on Ingresar la version del sistema operativo del computador, Jhonatan clicks on Ingresar la version del sistema operativo del computador, Jhonatan clicks on Ingresar el idioma del sistema operativo, Jhonatan clicks on Ingresar el idioma del sistema operativo, Jhonatan clicks on Seleccionar el tipo de dispositivo movil, Jhonatan clicks on Seleccionar el tipo de dispositivo movil, Jhonatan clicks on Seleccionar el modelo del movil, Jhonatan clicks on Seleccionar el modelo del movil, Jhonatan clicks on Seleccionar el sistema operatico del movil, Jhonatan clicks on Seleccionar el sistema operatico del movil, Jhonatan clicks on Opcion siguiente, Jhonatan enters '123654987Jp' into Ingresar la contraseÃ±a, Jhonatan enters '123654987Jp' into Ingresar confirmacion de la contraseÃ±a, Jhonatan clicks on Seleccionar checkbox uno, Jhonatan clicks on Seleccionar checkbox dos, Jhonatan clicks on Seleccionar checkbox tres, Jhonatan clicks on Seleccionar boton finalizar registro]], Entonces verifica que se presente en pantalla el mensaje
| texto |
| Welcome to the world's largest community of freelance software testers! | [Then verificar]]
[Test worker] WARN net.thucydides.core.steps.BaseStepListener - stepFinished: current outcome:Escenario:Example: {nombre=Jhonatan, apellido=Paternina, correo=jhonatanpater122@gmail.com, idioma=Spanish, ciudad=Montería, codigo_postal=230003, pais=Colombia, computador=Linux, version=Fedora, idioma2=Spanish, dispositivo_mobil=Motorola, modelo=Moto G8 Power, sistema_operativo=Android 11, password=123654987Jp, confirm_password=123654987Jp, texto=Welcome to the world's largest community of freelance software testers!} [Dado que Jhonatan quiere registrarse en la pagina utest [Jhonatan abrir nevegador [Jhonatan opens the Abrir pagina utest]], Cuando el realiza el registro del mismo en la pagina web utest
| nombre | apellido | correo | idioma | ciudad | codigo_postal | pais | computador | version | idioma2 | dispositivo_mobil | modelo | sistema_operativo | password | confirm_password |
| Jhonatan | Paternina | jhonatanpater122@gmail.com | Spanish | Montería | 230003 | Colombia | Linux | Fedora | Spanish | Motorola | Moto G8 Power | Android 11 | 123654987Jp | 123654987Jp | [Jhonatan registro utest [Jhonatan clicks on Boton opcion registrase, Jhonatan enters 'Jhonatan' into Ingresar nombre, Jhonatan enters 'Paternina' into Ingresar apellido, Jhonatan enters 'jhonatanpater122@gmail.com' into Ingresar correo electronico, Jhonatan clicks on Ingresar mes de la fecha de nacimiento, Jhonatan clicks on Ingresar dia de la fecha de nacimiento, Jhonatan clicks on Ingresar aÃ±o de la fecha de nacimiento, Jhonatan enters 'Spanish' into Ingresar idiomas que habla, Jhonatan clicks on Opcion siguiente, Jhonatan enters 'Montería' into Ingresar ciudad donde vive, Jhonatan enters '230003' into Ingresar codigo postal, Jhonatan clicks on Ingresar pais donde vive, Jhonatan enters 'Colombia' into Ingresar pais donde vive, Jhonatan clicks on Opcion siguiente, Jhonatan clicks on Ingresar el sistema operativo del computador, Jhonatan clicks on Ingresar el sistema operativo del computador, Jhonatan clicks on Ingresar la version del sistema operativo del computador, Jhonatan clicks on Ingresar la version del sistema operativo del computador, Jhonatan clicks on Ingresar el idioma del sistema operativo, Jhonatan clicks on Ingresar el idioma del sistema operativo, Jhonatan clicks on Seleccionar el tipo de dispositivo movil, Jhonatan clicks on Seleccionar el tipo de dispositivo movil, Jhonatan clicks on Seleccionar el modelo del movil, Jhonatan clicks on Seleccionar el modelo del movil, Jhonatan clicks on Seleccionar el sistema operatico del movil, Jhonatan clicks on Seleccionar el sistema operatico del movil, Jhonatan clicks on Opcion siguiente, Jhonatan enters '123654987Jp' into Ingresar la contraseÃ±a, Jhonatan enters '123654987Jp' into Ingresar confirmacion de la contraseÃ±a, Jhonatan clicks on Seleccionar checkbox uno, Jhonatan clicks on Seleccionar checkbox dos, Jhonatan clicks on Seleccionar checkbox tres, Jhonatan clicks on Seleccionar boton finalizar registro]], Entonces verifica que se presente en pantalla el mensaje
| texto |
| Welcome to the world's largest community of freelance software testers! | [Then verificar]]
[Test worker] WARN net.thucydides.core.steps.BaseStepListener - testFinished: Escenario:Example: {nombre=Jhonatan, apellido=Paternina, correo=jhonatanpater122@gmail.com, idioma=Spanish, ciudad=Montería, codigo_postal=230003, pais=Colombia, computador=Linux, version=Fedora, idioma2=Spanish, dispositivo_mobil=Motorola, modelo=Moto G8 Power, sistema_operativo=Android 11, password=123654987Jp, confirm_password=123654987Jp, texto=Welcome to the world's largest community of freelance software testers!} [Dado que Jhonatan quiere registrarse en la pagina utest [Jhonatan abrir nevegador [Jhonatan opens the Abrir pagina utest]], Cuando el realiza el registro del mismo en la pagina web utest
| nombre | apellido | correo | idioma | ciudad | codigo_postal | pais | computador | version | idioma2 | dispositivo_mobil | modelo | sistema_operativo | password | confirm_password |
| Jhonatan | Paternina | jhonatanpater122@gmail.com | Spanish | Montería | 230003 | Colombia | Linux | Fedora | Spanish | Motorola | Moto G8 Power | Android 11 | 123654987Jp | 123654987Jp | [Jhonatan registro utest [Jhonatan clicks on Boton opcion registrase, Jhonatan enters 'Jhonatan' into Ingresar nombre, Jhonatan enters 'Paternina' into Ingresar apellido, Jhonatan enters 'jhonatanpater122@gmail.com' into Ingresar correo electronico, Jhonatan clicks on Ingresar mes de la fecha de nacimiento, Jhonatan clicks on Ingresar dia de la fecha de nacimiento, Jhonatan clicks on Ingresar aÃ±o de la fecha de nacimiento, Jhonatan enters 'Spanish' into Ingresar idiomas que habla, Jhonatan clicks on Opcion siguiente, Jhonatan enters 'Montería' into Ingresar ciudad donde vive, Jhonatan enters '230003' into Ingresar codigo postal, Jhonatan clicks on Ingresar pais donde vive, Jhonatan enters 'Colombia' into Ingresar pais donde vive, Jhonatan clicks on Opcion siguiente, Jhonatan clicks on Ingresar el sistema operativo del computador, Jhonatan clicks on Ingresar el sistema operativo del computador, Jhonatan clicks on Ingresar la version del sistema operativo del computador, Jhonatan clicks on Ingresar la version del sistema operativo del computador, Jhonatan clicks on Ingresar el idioma del sistema operativo, Jhonatan clicks on Ingresar el idioma del sistema operativo, Jhonatan clicks on Seleccionar el tipo de dispositivo movil, Jhonatan clicks on Seleccionar el tipo de dispositivo movil, Jhonatan clicks on Seleccionar el modelo del movil, Jhonatan clicks on Seleccionar el modelo del movil, Jhonatan clicks on Seleccionar el sistema operatico del movil, Jhonatan clicks on Seleccionar el sistema operatico del movil, Jhonatan clicks on Opcion siguiente, Jhonatan enters '123654987Jp' into Ingresar la contraseÃ±a, Jhonatan enters '123654987Jp' into Ingresar confirmacion de la contraseÃ±a, Jhonatan clicks on Seleccionar checkbox uno, Jhonatan clicks on Seleccionar checkbox dos, Jhonatan clicks on Seleccionar checkbox tres, Jhonatan clicks on Seleccionar boton finalizar registro]], Entonces verifica que se presente en pantalla el mensaje
| texto |
| Welcome to the world's largest community of freelance software testers! | [Then verificar]]
[Test worker] WARN net.thucydides.core.steps.BaseStepListener - TestOutcomes: [Escenario:Example: {nombre=Jhonatan, apellido=Paternina, correo=jhonatanpater122@gmail.com, idioma=Spanish, ciudad=Montería, codigo_postal=230003, pais=Colombia, computador=Linux, version=Fedora, idioma2=Spanish, dispositivo_mobil=Motorola, modelo=Moto G8 Power, sistema_operativo=Android 11, password=123654987Jp, confirm_password=123654987Jp, texto=Welcome to the world's largest community of freelance software testers!} [Dado que Jhonatan quiere registrarse en la pagina utest [Jhonatan abrir nevegador [Jhonatan opens the Abrir pagina utest]], Cuando el realiza el registro del mismo en la pagina web utest
| nombre | apellido | correo | idioma | ciudad | codigo_postal | pais | computador | version | idioma2 | dispositivo_mobil | modelo | sistema_operativo | password | confirm_password |
| Jhonatan | Paternina | jhonatanpater122@gmail.com | Spanish | Montería | 230003 | Colombia | Linux | Fedora | Spanish | Motorola | Moto G8 Power | Android 11 | 123654987Jp | 123654987Jp | [Jhonatan registro utest [Jhonatan clicks on Boton opcion registrase, Jhonatan enters 'Jhonatan' into Ingresar nombre, Jhonatan enters 'Paternina' into Ingresar apellido, Jhonatan enters 'jhonatanpater122@gmail.com' into Ingresar correo electronico, Jhonatan clicks on Ingresar mes de la fecha de nacimiento, Jhonatan clicks on Ingresar dia de la fecha de nacimiento, Jhonatan clicks on Ingresar aÃ±o de la fecha de nacimiento, Jhonatan enters 'Spanish' into Ingresar idiomas que habla, Jhonatan clicks on Opcion siguiente, Jhonatan enters 'Montería' into Ingresar ciudad donde vive, Jhonatan enters '230003' into Ingresar codigo postal, Jhonatan clicks on Ingresar pais donde vive, Jhonatan enters 'Colombia' into Ingresar pais donde vive, Jhonatan clicks on Opcion siguiente, Jhonatan clicks on Ingresar el sistema operativo del computador, Jhonatan clicks on Ingresar el sistema operativo del computador, Jhonatan clicks on Ingresar la version del sistema operativo del computador, Jhonatan clicks on Ingresar la version del sistema operativo del computador, Jhonatan clicks on Ingresar el idioma del sistema operativo, Jhonatan clicks on Ingresar el idioma del sistema operativo, Jhonatan clicks on Seleccionar el tipo de dispositivo movil, Jhonatan clicks on Seleccionar el tipo de dispositivo movil, Jhonatan clicks on Seleccionar el modelo del movil, Jhonatan clicks on Seleccionar el modelo del movil, Jhonatan clicks on Seleccionar el sistema operatico del movil, Jhonatan clicks on Seleccionar el sistema operatico del movil, Jhonatan clicks on Opcion siguiente, Jhonatan enters '123654987Jp' into Ingresar la contraseÃ±a, Jhonatan enters '123654987Jp' into Ingresar confirmacion de la contraseÃ±a, Jhonatan clicks on Seleccionar checkbox uno, Jhonatan clicks on Seleccionar checkbox dos, Jhonatan clicks on Seleccionar checkbox tres, Jhonatan clicks on Seleccionar boton finalizar registro]], Entonces verifica que se presente en pantalla el mensaje
| texto |
| Welcome to the world's largest community of freelance software testers! | [Then verificar]]]
[Test worker] WARN net.thucydides.core.steps.BaseStepListener - Final testOutcomes: [Escenario:Example: {nombre=Jhonatan, apellido=Paternina, correo=jhonatanpater122@gmail.com, idioma=Spanish, ciudad=Montería, codigo_postal=230003, pais=Colombia, computador=Linux, version=Fedora, idioma2=Spanish, dispositivo_mobil=Motorola, modelo=Moto G8 Power, sistema_operativo=Android 11, password=123654987Jp, confirm_password=123654987Jp, texto=Welcome to the world's largest community of freelance software testers!} [Dado que Jhonatan quiere registrarse en la pagina utest [Jhonatan abrir nevegador [Jhonatan opens the Abrir pagina utest]], Cuando el realiza el registro del mismo en la pagina web utest
| nombre | apellido | correo | idioma | ciudad | codigo_postal | pais | computador | version | idioma2 | dispositivo_mobil | modelo | sistema_operativo | password | confirm_password |
| Jhonatan | Paternina | jhonatanpater122@gmail.com | Spanish | Montería | 230003 | Colombia | Linux | Fedora | Spanish | Motorola | Moto G8 Power | Android 11 | 123654987Jp | 123654987Jp | [Jhonatan registro utest [Jhonatan clicks on Boton opcion registrase, Jhonatan enters 'Jhonatan' into Ingresar nombre, Jhonatan enters 'Paternina' into Ingresar apellido, Jhonatan enters 'jhonatanpater122@gmail.com' into Ingresar correo electronico, Jhonatan clicks on Ingresar mes de la fecha de nacimiento, Jhonatan clicks on Ingresar dia de la fecha de nacimiento, Jhonatan clicks on Ingresar aÃ±o de la fecha de nacimiento, Jhonatan enters 'Spanish' into Ingresar idiomas que habla, Jhonatan clicks on Opcion siguiente, Jhonatan enters 'Montería' into Ingresar ciudad donde vive, Jhonatan enters '230003' into Ingresar codigo postal, Jhonatan clicks on Ingresar pais donde vive, Jhonatan enters 'Colombia' into Ingresar pais donde vive, Jhonatan clicks on Opcion siguiente, Jhonatan clicks on Ingresar el sistema operativo del computador, Jhonatan clicks on Ingresar el sistema operativo del computador, Jhonatan clicks on Ingresar la version del sistema operativo del computador, Jhonatan clicks on Ingresar la version del sistema operativo del computador, Jhonatan clicks on Ingresar el idioma del sistema operativo, Jhonatan clicks on Ingresar el idioma del sistema operativo, Jhonatan clicks on Seleccionar el tipo de dispositivo movil, Jhonatan clicks on Seleccionar el tipo de dispositivo movil, Jhonatan clicks on Seleccionar el modelo del movil, Jhonatan clicks on Seleccionar el modelo del movil, Jhonatan clicks on Seleccionar el sistema operatico del movil, Jhonatan clicks on Seleccionar el sistema operatico del movil, Jhonatan clicks on Opcion siguiente, Jhonatan enters '123654987Jp' into Ingresar la contraseÃ±a, Jhonatan enters '123654987Jp' into Ingresar confirmacion de la contraseÃ±a, Jhonatan clicks on Seleccionar checkbox uno, Jhonatan clicks on Seleccionar checkbox dos, Jhonatan clicks on Seleccionar checkbox tres, Jhonatan clicks on Seleccionar boton finalizar registro]], Entonces verifica que se presente en pantalla el mensaje
| texto |
| Welcome to the world's largest community of freelance software testers! | [Then verificar]]]
[Test worker] INFO net.thucydides.core.steps.ConsoleLoggingListener - 
        __    _____ _____ ____ _____   ____   _    ____  ____  _____ ____  
  _     \ \  |_   _| ____/ ___|_   _| |  _ \ / \  / ___|/ ___|| ____|  _ \ 
 (_)_____| |   | | |  _| \___ \ | |   | |_) / _ \ \___ \\___ \|  _| | | | |
  _|_____| |   | | | |___ ___) || |   |  __/ ___ \ ___) |___) | |___| |_| |
 (_)     | |   |_| |_____|____/ |_|   |_| /_/   \_\____/|____/|_____|____/ 
        /_/                                                                

TEST PASSED: Escenario
----------------------------------------------------------------------------
]]></system-err>
</testsuite>
